mode: set
github.com/LucasSantana-Dev/cojam/server/internal/appletoken/token.go:17.35,22.50 4 1
github.com/LucasSantana-Dev/cojam/server/internal/appletoken/token.go:22.50,24.3 1 1
github.com/LucasSantana-Dev/cojam/server/internal/appletoken/token.go:27.2,28.16 2 1
github.com/LucasSantana-Dev/cojam/server/internal/appletoken/token.go:28.16,30.3 1 0
github.com/LucasSantana-Dev/cojam/server/internal/appletoken/token.go:33.2,34.18 2 1
github.com/LucasSantana-Dev/cojam/server/internal/appletoken/token.go:34.18,36.3 1 0
github.com/LucasSantana-Dev/cojam/server/internal/appletoken/token.go:39.2,40.66 2 1
github.com/LucasSantana-Dev/cojam/server/internal/appletoken/token.go:40.66,42.10 2 1
github.com/LucasSantana-Dev/cojam/server/internal/appletoken/token.go:42.10,44.4 1 0
github.com/LucasSantana-Dev/cojam/server/internal/appletoken/token.go:45.3,45.15 1 1
github.com/LucasSantana-Dev/cojam/server/internal/appletoken/token.go:46.8,46.76 1 0
github.com/LucasSantana-Dev/cojam/server/internal/appletoken/token.go:46.76,48.3 1 0
github.com/LucasSantana-Dev/cojam/server/internal/appletoken/token.go:48.8,50.3 1 0
github.com/LucasSantana-Dev/cojam/server/internal/appletoken/token.go:53.2,65.16 6 1
github.com/LucasSantana-Dev/cojam/server/internal/appletoken/token.go:65.16,67.3 1 0
github.com/LucasSantana-Dev/cojam/server/internal/appletoken/token.go:69.2,69.25 1 1
github.com/LucasSantana-Dev/cojam/server/internal/httpx/httpx.go:39.45,41.16 2 0
github.com/LucasSantana-Dev/cojam/server/internal/httpx/httpx.go:41.16,43.3 1 0
github.com/LucasSantana-Dev/cojam/server/internal/httpx/httpx.go:44.2,46.30 2 0
github.com/LucasSantana-Dev/cojam/server/internal/httpx/httpx.go:46.30,50.3 2 0
github.com/LucasSantana-Dev/cojam/server/internal/httpx/httpx.go:52.2,52.79 1 0
github.com/LucasSantana-Dev/cojam/server/internal/db/db.go:25.67,26.15 1 1
github.com/LucasSantana-Dev/cojam/server/internal/db/db.go:26.15,28.3 1 1
github.com/LucasSantana-Dev/cojam/server/internal/db/db.go:30.2,31.16 2 1
github.com/LucasSantana-Dev/cojam/server/internal/db/db.go:31.16,33.3 1 1
github.com/LucasSantana-Dev/cojam/server/internal/db/db.go:42.2,45.16 3 0
github.com/LucasSantana-Dev/cojam/server/internal/db/db.go:45.16,47.3 1 0
github.com/LucasSantana-Dev/cojam/server/internal/db/db.go:49.2,49.39 1 0
github.com/LucasSantana-Dev/cojam/server/internal/db/db.go:49.39,52.3 2 0
github.com/LucasSantana-Dev/cojam/server/internal/db/db.go:54.2,54.18 1 0
github.com/LucasSantana-Dev/cojam/server/internal/db/db.go:60.61,62.2 1 0
github.com/LucasSantana-Dev/cojam/server/internal/db/db.go:67.69,69.2 1 0
github.com/LucasSantana-Dev/cojam/server/internal/db/db.go:75.75,83.2 3 0
github.com/LucasSantana-Dev/cojam/server/internal/db/db.go:85.92,93.17 1 0
github.com/LucasSantana-Dev/cojam/server/internal/db/db.go:93.17,95.3 1 0
github.com/LucasSantana-Dev/cojam/server/internal/db/db.go:98.2,99.16 2 0
github.com/LucasSantana-Dev/cojam/server/internal/db/db.go:99.16,101.3 1 0
github.com/LucasSantana-Dev/cojam/server/internal/db/db.go:103.2,103.32 1 0
github.com/LucasSantana-Dev/cojam/server/internal/db/db.go:103.32,108.137 3 0
github.com/LucasSantana-Dev/cojam/server/internal/db/db.go:108.137,110.4 1 0
github.com/LucasSantana-Dev/cojam/server/internal/db/db.go:112.3,112.14 1 0
github.com/LucasSantana-Dev/cojam/server/internal/db/db.go:112.14,113.12 1 0
github.com/LucasSantana-Dev/cojam/server/internal/db/db.go:117.3,118.17 2 0
github.com/LucasSantana-Dev/cojam/server/internal/db/db.go:118.17,120.4 1 0
github.com/LucasSantana-Dev/cojam/server/internal/db/db.go:123.3,124.17 2 0
github.com/LucasSantana-Dev/cojam/server/internal/db/db.go:124.17,126.4 1 0
github.com/LucasSantana-Dev/cojam/server/internal/db/db.go:128.3,128.58 1 0
github.com/LucasSantana-Dev/cojam/server/internal/db/db.go:128.58,131.4 2 0
github.com/LucasSantana-Dev/cojam/server/internal/db/db.go:133.3,133.105 1 0
github.com/LucasSantana-Dev/cojam/server/internal/db/db.go:133.105,136.4 2 0
github.com/LucasSantana-Dev/cojam/server/internal/db/db.go:138.3,138.40 1 0
github.com/LucasSantana-Dev/cojam/server/internal/db/db.go:138.40,140.4 1 0
github.com/LucasSantana-Dev/cojam/server/internal/db/db.go:143.2,143.12 1 0
github.com/LucasSantana-Dev/cojam/server/cmd/server/connection_token.go:27.91,28.54 1 1
github.com/LucasSantana-Dev/cojam/server/cmd/server/connection_token.go:28.54,31.23 2 1
github.com/LucasSantana-Dev/cojam/server/cmd/server/connection_token.go:31.23,35.4 3 1
github.com/LucasSantana-Dev/cojam/server/cmd/server/connection_token.go:37.3,38.19 2 1
github.com/LucasSantana-Dev/cojam/server/cmd/server/connection_token.go:38.19,41.35 3 1
github.com/LucasSantana-Dev/cojam/server/cmd/server/connection_token.go:41.35,43.5 1 1
github.com/LucasSantana-Dev/cojam/server/cmd/server/connection_token.go:45.3,45.19 1 1
github.com/LucasSantana-Dev/cojam/server/cmd/server/connection_token.go:45.19,47.4 1 1
github.com/LucasSantana-Dev/cojam/server/cmd/server/connection_token.go:49.3,50.17 2 1
github.com/LucasSantana-Dev/cojam/server/cmd/server/connection_token.go:50.17,54.4 3 0
github.com/LucasSantana-Dev/cojam/server/cmd/server/connection_token.go:56.3,60.5 2 1
github.com/LucasSantana-Dev/cojam/server/cmd/server/main.go:38.49,39.41 1 0
github.com/LucasSantana-Dev/cojam/server/cmd/server/main.go:40.32,41.14 1 0
github.com/LucasSantana-Dev/cojam/server/cmd/server/main.go:42.33,43.15 1 0
github.com/LucasSantana-Dev/cojam/server/cmd/server/main.go:44.10,45.14 1 0
github.com/LucasSantana-Dev/cojam/server/cmd/server/main.go:51.47,53.34 2 0
github.com/LucasSantana-Dev/cojam/server/cmd/server/main.go:53.34,57.3 3 0
github.com/LucasSantana-Dev/cojam/server/cmd/server/main.go:58.2,58.44 1 0
github.com/LucasSantana-Dev/cojam/server/cmd/server/main.go:58.44,59.40 1 0
github.com/LucasSantana-Dev/cojam/server/cmd/server/main.go:59.40,61.4 1 0
github.com/LucasSantana-Dev/cojam/server/cmd/server/main.go:63.2,63.12 1 0
github.com/LucasSantana-Dev/cojam/server/cmd/server/main.go:68.71,70.15 2 0
github.com/LucasSantana-Dev/cojam/server/cmd/server/main.go:70.15,72.3 1 0
github.com/LucasSantana-Dev/cojam/server/cmd/server/main.go:73.2,74.26 2 0
github.com/LucasSantana-Dev/cojam/server/cmd/server/main.go:74.26,76.3 1 0
github.com/LucasSantana-Dev/cojam/server/cmd/server/main.go:77.2,77.39 1 0
github.com/LucasSantana-Dev/cojam/server/cmd/server/main.go:80.13,90.43 5 0
github.com/LucasSantana-Dev/cojam/server/cmd/server/main.go:90.43,92.4 1 0
github.com/LucasSantana-Dev/cojam/server/cmd/server/main.go:94.2,94.16 1 0
github.com/LucasSantana-Dev/cojam/server/cmd/server/main.go:94.16,96.3 1 0
github.com/LucasSantana-Dev/cojam/server/cmd/server/main.go:99.2,99.35 1 0
github.com/LucasSantana-Dev/cojam/server/cmd/server/main.go:99.35,101.3 1 0
github.com/LucasSantana-Dev/cojam/server/cmd/server/main.go:104.2,111.43 2 0
github.com/LucasSantana-Dev/cojam/server/cmd/server/main.go:111.43,113.3 1 0
github.com/LucasSantana-Dev/cojam/server/cmd/server/main.go:113.8,115.3 1 0
github.com/LucasSantana-Dev/cojam/server/cmd/server/main.go:118.2,118.51 1 0
github.com/LucasSantana-Dev/cojam/server/cmd/server/main.go:118.51,120.3 1 0
github.com/LucasSantana-Dev/cojam/server/cmd/server/main.go:120.8,122.3 1 0
github.com/LucasSantana-Dev/cojam/server/cmd/server/main.go:124.2,124.48 1 0
github.com/LucasSantana-Dev/cojam/server/cmd/server/main.go:124.48,126.3 1 0
github.com/LucasSantana-Dev/cojam/server/cmd/server/main.go:126.8,128.3 1 0
github.com/LucasSantana-Dev/cojam/server/cmd/server/main.go:130.2,130.51 1 0
github.com/LucasSantana-Dev/cojam/server/cmd/server/main.go:130.51,132.3 1 0
github.com/LucasSantana-Dev/cojam/server/cmd/server/main.go:132.8,134.3 1 0
github.com/LucasSantana-Dev/cojam/server/cmd/server/main.go:138.2,152.73 9 0
github.com/LucasSantana-Dev/cojam/server/cmd/server/main.go:152.73,154.3 1 0
github.com/LucasSantana-Dev/cojam/server/cmd/server/main.go:158.2,159.53 2 0
github.com/LucasSantana-Dev/cojam/server/cmd/server/main.go:159.53,167.17 4 0
github.com/LucasSantana-Dev/cojam/server/cmd/server/main.go:167.17,169.4 1 0
github.com/LucasSantana-Dev/cojam/server/cmd/server/main.go:174.3,174.90 1 0
github.com/LucasSantana-Dev/cojam/server/cmd/server/main.go:174.90,175.64 1 0
github.com/LucasSantana-Dev/cojam/server/cmd/server/main.go:175.64,177.19 2 0
github.com/LucasSantana-Dev/cojam/server/cmd/server/main.go:177.19,180.6 2 0
github.com/LucasSantana-Dev/cojam/server/cmd/server/main.go:181.5,183.19 3 0
github.com/LucasSantana-Dev/cojam/server/cmd/server/main.go:183.19,186.6 2 0
github.com/LucasSantana-Dev/cojam/server/cmd/server/main.go:187.10,187.52 1 0
github.com/LucasSantana-Dev/cojam/server/cmd/server/main.go:187.52,190.5 2 0
github.com/LucasSantana-Dev/cojam/server/cmd/server/main.go:192.3,198.26 2 0
github.com/LucasSantana-Dev/cojam/server/cmd/server/main.go:198.26,200.18 2 0
github.com/LucasSantana-Dev/cojam/server/cmd/server/main.go:200.18,203.5 2 0
github.com/LucasSantana-Dev/cojam/server/cmd/server/main.go:204.4,204.15 1 0
github.com/LucasSantana-Dev/cojam/server/cmd/server/main.go:204.15,206.5 1 0
github.com/LucasSantana-Dev/cojam/server/cmd/server/main.go:206.10,208.5 1 0
github.com/LucasSantana-Dev/cojam/server/cmd/server/main.go:211.3,217.48 5 0
github.com/LucasSantana-Dev/cojam/server/cmd/server/main.go:217.48,219.4 1 0
github.com/LucasSantana-Dev/cojam/server/cmd/server/main.go:220.8,222.3 1 0
github.com/LucasSantana-Dev/cojam/server/cmd/server/main.go:223.2,223.84 1 0
github.com/LucasSantana-Dev/cojam/server/cmd/server/main.go:223.84,224.80 1 0
github.com/LucasSantana-Dev/cojam/server/cmd/server/main.go:224.80,225.11 1 0
github.com/LucasSantana-Dev/cojam/server/cmd/server/main.go:225.11,226.23 1 0
github.com/LucasSantana-Dev/cojam/server/cmd/server/main.go:226.23,228.6 1 0
github.com/LucasSantana-Dev/cojam/server/cmd/server/main.go:229.5,229.44 1 0
github.com/LucasSantana-Dev/cojam/server/cmd/server/main.go:230.10,231.23 1 0
github.com/LucasSantana-Dev/cojam/server/cmd/server/main.go:231.23,233.6 1 0
github.com/LucasSantana-Dev/cojam/server/cmd/server/main.go:234.5,234.45 1 0
github.com/LucasSantana-Dev/cojam/server/cmd/server/main.go:237.3,238.56 2 0
github.com/LucasSantana-Dev/cojam/server/cmd/server/main.go:239.8,241.3 1 0
github.com/LucasSantana-Dev/cojam/server/cmd/server/main.go:244.2,244.130 1 0
github.com/LucasSantana-Dev/cojam/server/cmd/server/main.go:244.130,245.87 1 0
github.com/LucasSantana-Dev/cojam/server/cmd/server/main.go:245.87,246.11 1 0
github.com/LucasSantana-Dev/cojam/server/cmd/server/main.go:246.11,247.23 1 0
github.com/LucasSantana-Dev/cojam/server/cmd/server/main.go:247.23,249.6 1 0
github.com/LucasSantana-Dev/cojam/server/cmd/server/main.go:250.5,250.52 1 0
github.com/LucasSantana-Dev/cojam/server/cmd/server/main.go:251.10,252.23 1 0
github.com/LucasSantana-Dev/cojam/server/cmd/server/main.go:252.23,254.6 1 0
github.com/LucasSantana-Dev/cojam/server/cmd/server/main.go:255.5,255.53 1 0
github.com/LucasSantana-Dev/cojam/server/cmd/server/main.go:258.3,259.64 2 0
github.com/LucasSantana-Dev/cojam/server/cmd/server/main.go:260.8,262.3 1 0
github.com/LucasSantana-Dev/cojam/server/cmd/server/main.go:269.2,269.46 1 0
github.com/LucasSantana-Dev/cojam/server/cmd/server/main.go:269.46,270.114 1 0
github.com/LucasSantana-Dev/cojam/server/cmd/server/main.go:270.114,276.23 2 0
github.com/LucasSantana-Dev/cojam/server/cmd/server/main.go:276.23,278.5 1 0
github.com/LucasSantana-Dev/cojam/server/cmd/server/main.go:279.4,280.18 2 0
github.com/LucasSantana-Dev/cojam/server/cmd/server/main.go:280.18,282.5 1 0
github.com/LucasSantana-Dev/cojam/server/cmd/server/main.go:284.4,284.17 1 0
github.com/LucasSantana-Dev/cojam/server/cmd/server/main.go:284.17,286.5 1 0
github.com/LucasSantana-Dev/cojam/server/cmd/server/main.go:287.4,288.31 2 0
github.com/LucasSantana-Dev/cojam/server/cmd/server/main.go:288.31,290.5 1 0
github.com/LucasSantana-Dev/cojam/server/cmd/server/main.go:291.4,292.33 2 0
github.com/LucasSantana-Dev/cojam/server/cmd/server/main.go:292.33,302.5 1 0
github.com/LucasSantana-Dev/cojam/server/cmd/server/main.go:303.4,303.23 1 0
github.com/LucasSantana-Dev/cojam/server/cmd/server/main.go:305.3,305.76 1 0
github.com/LucasSantana-Dev/cojam/server/cmd/server/main.go:309.2,309.53 1 0
github.com/LucasSantana-Dev/cojam/server/cmd/server/main.go:309.53,310.89 1 0
github.com/LucasSantana-Dev/cojam/server/cmd/server/main.go:310.89,312.4 1 0
github.com/LucasSantana-Dev/cojam/server/cmd/server/main.go:313.3,313.42 1 0
github.com/LucasSantana-Dev/cojam/server/cmd/server/main.go:314.8,316.3 1 0
github.com/LucasSantana-Dev/cojam/server/cmd/server/main.go:319.2,319.80 1 0
github.com/LucasSantana-Dev/cojam/server/cmd/server/main.go:319.80,320.110 1 0
github.com/LucasSantana-Dev/cojam/server/cmd/server/main.go:320.110,322.4 1 0
github.com/LucasSantana-Dev/cojam/server/cmd/server/main.go:323.3,323.53 1 0
github.com/LucasSantana-Dev/cojam/server/cmd/server/main.go:324.8,324.50 1 0
github.com/LucasSantana-Dev/cojam/server/cmd/server/main.go:324.50,326.3 1 0
github.com/LucasSantana-Dev/cojam/server/cmd/server/main.go:329.2,329.49 1 0
github.com/LucasSantana-Dev/cojam/server/cmd/server/main.go:329.49,330.103 1 0
github.com/LucasSantana-Dev/cojam/server/cmd/server/main.go:330.103,332.4 1 0
github.com/LucasSantana-Dev/cojam/server/cmd/server/main.go:333.3,333.64 1 0
github.com/LucasSantana-Dev/cojam/server/cmd/server/main.go:337.2,337.44 1 0
github.com/LucasSantana-Dev/cojam/server/cmd/server/main.go:337.44,339.116 2 0
github.com/LucasSantana-Dev/cojam/server/cmd/server/main.go:339.116,341.4 1 0
github.com/LucasSantana-Dev/cojam/server/cmd/server/main.go:342.3,342.54 1 0
github.com/LucasSantana-Dev/cojam/server/cmd/server/main.go:346.2,346.51 1 0
github.com/LucasSantana-Dev/cojam/server/cmd/server/main.go:346.51,347.105 1 0
github.com/LucasSantana-Dev/cojam/server/cmd/server/main.go:347.105,349.4 1 0
github.com/LucasSantana-Dev/cojam/server/cmd/server/main.go:350.3,350.38 1 0
github.com/LucasSantana-Dev/cojam/server/cmd/server/main.go:355.2,355.89 1 0
github.com/LucasSantana-Dev/cojam/server/cmd/server/main.go:355.89,356.99 1 0
github.com/LucasSantana-Dev/cojam/server/cmd/server/main.go:356.99,358.4 1 0
github.com/LucasSantana-Dev/cojam/server/cmd/server/main.go:359.3,359.39 1 0
github.com/LucasSantana-Dev/cojam/server/cmd/server/main.go:363.2,367.21 3 0
github.com/LucasSantana-Dev/cojam/server/cmd/server/main.go:367.21,368.27 1 0
github.com/LucasSantana-Dev/cojam/server/cmd/server/main.go:368.27,370.4 1 0
github.com/LucasSantana-Dev/cojam/server/cmd/server/main.go:374.2,374.106 1 0
github.com/LucasSantana-Dev/cojam/server/cmd/server/main.go:374.106,378.22 2 0
github.com/LucasSantana-Dev/cojam/server/cmd/server/main.go:378.22,382.57 2 0
github.com/LucasSantana-Dev/cojam/server/cmd/server/main.go:382.57,384.5 1 0
github.com/LucasSantana-Dev/cojam/server/cmd/server/main.go:387.3,392.43 2 0
github.com/LucasSantana-Dev/cojam/server/cmd/server/main.go:392.43,393.63 1 0
github.com/LucasSantana-Dev/cojam/server/cmd/server/main.go:393.63,395.5 1 0
github.com/LucasSantana-Dev/cojam/server/cmd/server/main.go:399.3,399.38 1 0
github.com/LucasSantana-Dev/cojam/server/cmd/server/main.go:399.38,400.21 1 0
github.com/LucasSantana-Dev/cojam/server/cmd/server/main.go:400.21,403.5 2 0
github.com/LucasSantana-Dev/cojam/server/cmd/server/main.go:405.4,406.18 2 0
github.com/LucasSantana-Dev/cojam/server/cmd/server/main.go:406.18,409.5 2 0
github.com/LucasSantana-Dev/cojam/server/cmd/server/main.go:410.4,410.16 1 0
github.com/LucasSantana-Dev/cojam/server/cmd/server/main.go:414.3,416.9 1 0
github.com/LucasSantana-Dev/cojam/server/cmd/server/main.go:419.2,419.49 1 0
github.com/LucasSantana-Dev/cojam/server/cmd/server/main.go:419.49,426.58 4 0
github.com/LucasSantana-Dev/cojam/server/cmd/server/main.go:426.58,431.4 4 0
github.com/LucasSantana-Dev/cojam/server/cmd/server/main.go:433.3,433.89 1 0
github.com/LucasSantana-Dev/cojam/server/cmd/server/main.go:433.89,437.63 2 0
github.com/LucasSantana-Dev/cojam/server/cmd/server/main.go:437.63,439.5 1 0
github.com/LucasSantana-Dev/cojam/server/cmd/server/main.go:441.4,447.11 1 0
github.com/LucasSantana-Dev/cojam/server/cmd/server/main.go:451.3,451.86 1 0
github.com/LucasSantana-Dev/cojam/server/cmd/server/main.go:451.86,453.4 1 0
github.com/LucasSantana-Dev/cojam/server/cmd/server/main.go:457.2,466.65 4 0
github.com/LucasSantana-Dev/cojam/server/cmd/server/main.go:466.65,470.3 3 0
github.com/LucasSantana-Dev/cojam/server/cmd/server/main.go:471.2,474.77 2 0
github.com/LucasSantana-Dev/cojam/server/cmd/server/main.go:474.77,476.41 2 0
github.com/LucasSantana-Dev/cojam/server/cmd/server/main.go:476.41,481.4 4 0
github.com/LucasSantana-Dev/cojam/server/cmd/server/main.go:482.3,482.17 1 0
github.com/LucasSantana-Dev/cojam/server/cmd/server/main.go:482.17,487.4 4 0
github.com/LucasSantana-Dev/cojam/server/cmd/server/main.go:489.3,491.63 3 0
github.com/LucasSantana-Dev/cojam/server/cmd/server/main.go:496.2,504.43 3 0
github.com/LucasSantana-Dev/cojam/server/cmd/server/main.go:504.43,506.20 2 0
github.com/LucasSantana-Dev/cojam/server/cmd/server/main.go:506.20,508.5 1 0
github.com/LucasSantana-Dev/cojam/server/cmd/server/main.go:509.4,509.27 1 0
github.com/LucasSantana-Dev/cojam/server/cmd/server/main.go:509.27,511.5 1 0
github.com/LucasSantana-Dev/cojam/server/cmd/server/main.go:512.4,512.33 1 0
github.com/LucasSantana-Dev/cojam/server/cmd/server/main.go:515.2,534.12 5 0
github.com/LucasSantana-Dev/cojam/server/cmd/server/main.go:534.12,535.80 1 0
github.com/LucasSantana-Dev/cojam/server/cmd/server/main.go:535.80,537.4 1 0
github.com/LucasSantana-Dev/cojam/server/cmd/server/main.go:541.2,550.45 7 0
github.com/LucasSantana-Dev/cojam/server/cmd/server/main.go:550.45,552.3 1 0
github.com/LucasSantana-Dev/cojam/server/cmd/server/main.go:555.2,555.43 1 0
github.com/LucasSantana-Dev/cojam/server/cmd/server/main.go:555.43,557.3 1 0
github.com/LucasSantana-Dev/cojam/server/cmd/server/main.go:560.2,560.37 1 0
github.com/LucasSantana-Dev/cojam/server/cmd/server/main.go:560.37,562.3 1 0
github.com/LucasSantana-Dev/cojam/server/cmd/server/main.go:564.2,564.31 1 0
github.com/LucasSantana-Dev/cojam/server/cmd/server/main.go:571.57,572.54 1 1
github.com/LucasSantana-Dev/cojam/server/cmd/server/main.go:572.54,574.18 2 1
github.com/LucasSantana-Dev/cojam/server/cmd/server/main.go:574.18,577.41 3 0
github.com/LucasSantana-Dev/cojam/server/cmd/server/main.go:577.41,581.5 3 0
github.com/LucasSantana-Dev/cojam/server/cmd/server/main.go:583.3,584.66 2 1
github.com/LucasSantana-Dev/cojam/server/internal/connauth/connauth.go:18.73,19.22 1 1
github.com/LucasSantana-Dev/cojam/server/internal/connauth/connauth.go:19.22,21.3 1 0
github.com/LucasSantana-Dev/cojam/server/internal/connauth/connauth.go:22.2,22.15 1 1
github.com/LucasSantana-Dev/cojam/server/internal/connauth/connauth.go:22.15,24.3 1 0
github.com/LucasSantana-Dev/cojam/server/internal/connauth/connauth.go:26.2,35.16 5 1
github.com/LucasSantana-Dev/cojam/server/internal/connauth/connauth.go:35.16,37.3 1 0
github.com/LucasSantana-Dev/cojam/server/internal/connauth/connauth.go:39.2,39.25 1 1
github.com/LucasSantana-Dev/cojam/server/internal/connauth/connauth.go:48.60,49.22 1 1
github.com/LucasSantana-Dev/cojam/server/internal/connauth/connauth.go:49.22,51.3 1 0
github.com/LucasSantana-Dev/cojam/server/internal/connauth/connauth.go:52.2,52.17 1 1
github.com/LucasSantana-Dev/cojam/server/internal/connauth/connauth.go:52.17,54.3 1 1
github.com/LucasSantana-Dev/cojam/server/internal/connauth/connauth.go:56.2,59.45 1 1
github.com/LucasSantana-Dev/cojam/server/internal/connauth/connauth.go:59.45,61.44 1 1
github.com/LucasSantana-Dev/cojam/server/internal/connauth/connauth.go:61.44,63.5 1 1
github.com/LucasSantana-Dev/cojam/server/internal/connauth/connauth.go:64.4,64.22 1 1
github.com/LucasSantana-Dev/cojam/server/internal/connauth/connauth.go:67.2,67.16 1 1
github.com/LucasSantana-Dev/cojam/server/internal/connauth/connauth.go:67.16,69.3 1 1
github.com/LucasSantana-Dev/cojam/server/internal/connauth/connauth.go:71.2,71.24 1 1
github.com/LucasSantana-Dev/cojam/server/internal/connauth/connauth.go:71.24,73.3 1 0
github.com/LucasSantana-Dev/cojam/server/internal/connauth/connauth.go:75.2,76.9 2 1
github.com/LucasSantana-Dev/cojam/server/internal/connauth/connauth.go:76.9,78.3 1 0
github.com/LucasSantana-Dev/cojam/server/internal/connauth/connauth.go:80.2,81.22 2 1
github.com/LucasSantana-Dev/cojam/server/internal/connauth/connauth.go:81.22,83.3 1 0
github.com/LucasSantana-Dev/cojam/server/internal/connauth/connauth.go:85.2,85.17 1 1
github.com/LucasSantana-Dev/cojam/server/internal/connauth/connauth.go:95.91,96.22 1 1
github.com/LucasSantana-Dev/cojam/server/internal/connauth/connauth.go:96.22,98.3 1 0
github.com/LucasSantana-Dev/cojam/server/internal/connauth/connauth.go:99.2,99.17 1 1
github.com/LucasSantana-Dev/cojam/server/internal/connauth/connauth.go:99.17,101.3 1 0
github.com/LucasSantana-Dev/cojam/server/internal/connauth/connauth.go:103.2,106.45 1 1
github.com/LucasSantana-Dev/cojam/server/internal/connauth/connauth.go:106.45,107.44 1 1
github.com/LucasSantana-Dev/cojam/server/internal/connauth/connauth.go:107.44,109.5 1 1
github.com/LucasSantana-Dev/cojam/server/internal/connauth/connauth.go:110.4,110.22 1 1
github.com/LucasSantana-Dev/cojam/server/internal/connauth/connauth.go:114.2,114.16 1 1
github.com/LucasSantana-Dev/cojam/server/internal/connauth/connauth.go:114.16,116.3 1 1
github.com/LucasSantana-Dev/cojam/server/internal/connauth/connauth.go:117.2,117.24 1 1
github.com/LucasSantana-Dev/cojam/server/internal/connauth/connauth.go:117.24,119.3 1 0
github.com/LucasSantana-Dev/cojam/server/internal/connauth/connauth.go:121.2,122.9 2 1
github.com/LucasSantana-Dev/cojam/server/internal/connauth/connauth.go:122.9,124.3 1 0
github.com/LucasSantana-Dev/cojam/server/internal/connauth/connauth.go:125.2,126.22 2 1
github.com/LucasSantana-Dev/cojam/server/internal/connauth/connauth.go:126.22,128.3 1 0
github.com/LucasSantana-Dev/cojam/server/internal/connauth/connauth.go:129.2,130.9 2 1
github.com/LucasSantana-Dev/cojam/server/internal/connauth/connauth.go:130.9,132.3 1 0
github.com/LucasSantana-Dev/cojam/server/internal/connauth/connauth.go:133.2,133.50 1 1
github.com/LucasSantana-Dev/cojam/server/internal/connauth/connauth.go:133.50,135.3 1 1
github.com/LucasSantana-Dev/cojam/server/internal/connauth/connauth.go:137.2,137.17 1 1
github.com/LucasSantana-Dev/cojam/server/internal/connauth/connauth.go:142.22,144.40 2 1
github.com/LucasSantana-Dev/cojam/server/internal/connauth/connauth.go:144.40,147.65 1 0
github.com/LucasSantana-Dev/cojam/server/internal/connauth/connauth.go:149.2,149.48 1 1
github.com/LucasSantana-Dev/cojam/server/internal/obs/obs.go:20.21,49.2 4 1
github.com/LucasSantana-Dev/cojam/server/internal/obs/obs.go:52.60,57.2 1 0
github.com/LucasSantana-Dev/cojam/server/internal/obs/obs.go:59.73,61.16 2 1
github.com/LucasSantana-Dev/cojam/server/internal/obs/obs.go:61.16,63.3 1 1
github.com/LucasSantana-Dev/cojam/server/internal/obs/obs.go:64.2,64.68 1 1
github.com/LucasSantana-Dev/cojam/server/internal/obs/obs.go:67.29,67.58 1 1
github.com/LucasSantana-Dev/cojam/server/internal/obs/obs.go:68.29,68.58 1 1
github.com/LucasSantana-Dev/cojam/server/internal/obs/obs.go:70.53,70.85 1 1
github.com/LucasSantana-Dev/cojam/server/internal/obs/obs.go:72.36,72.62 1 0
github.com/LucasSantana-Dev/cojam/server/internal/obs/obs.go:73.36,73.64 1 0
github.com/LucasSantana-Dev/cojam/server/internal/queue/queue.go:105.52,111.48 5 1
github.com/LucasSantana-Dev/cojam/server/internal/queue/queue.go:111.48,113.3 1 1
github.com/LucasSantana-Dev/cojam/server/internal/queue/queue.go:115.2,115.35 1 1
github.com/LucasSantana-Dev/cojam/server/internal/queue/queue.go:121.51,122.29 1 1
github.com/LucasSantana-Dev/cojam/server/internal/queue/queue.go:122.29,123.22 1 1
github.com/LucasSantana-Dev/cojam/server/internal/queue/queue.go:123.22,128.34 4 1
github.com/LucasSantana-Dev/cojam/server/internal/queue/queue.go:128.34,130.5 1 1
github.com/LucasSantana-Dev/cojam/server/internal/queue/queue.go:131.4,131.14 1 1
github.com/LucasSantana-Dev/cojam/server/internal/queue/queue.go:134.2,134.51 1 1
github.com/LucasSantana-Dev/cojam/server/internal/queue/queue.go:142.70,143.29 1 1
github.com/LucasSantana-Dev/cojam/server/internal/queue/queue.go:143.29,144.22 1 1
github.com/LucasSantana-Dev/cojam/server/internal/queue/queue.go:144.22,145.12 1 1
github.com/LucasSantana-Dev/cojam/server/internal/queue/queue.go:147.3,148.28 2 1
github.com/LucasSantana-Dev/cojam/server/internal/queue/queue.go:148.28,149.18 1 1
github.com/LucasSantana-Dev/cojam/server/internal/queue/queue.go:149.18,151.25 2 1
github.com/LucasSantana-Dev/cojam/server/internal/queue/queue.go:151.25,153.6 1 1
github.com/LucasSantana-Dev/cojam/server/internal/queue/queue.go:153.11,155.6 1 1
github.com/LucasSantana-Dev/cojam/server/internal/queue/queue.go:156.5,157.22 2 1
github.com/LucasSantana-Dev/cojam/server/internal/queue/queue.go:160.3,160.39 1 1
github.com/LucasSantana-Dev/cojam/server/internal/queue/queue.go:160.39,162.4 1 1
github.com/LucasSantana-Dev/cojam/server/internal/queue/queue.go:163.3,163.22 1 1
github.com/LucasSantana-Dev/cojam/server/internal/queue/queue.go:163.22,165.4 1 1
github.com/LucasSantana-Dev/cojam/server/internal/queue/queue.go:166.3,168.19 3 1
github.com/LucasSantana-Dev/cojam/server/internal/queue/queue.go:170.2,170.63 1 1
github.com/LucasSantana-Dev/cojam/server/internal/queue/queue.go:175.58,176.29 1 1
github.com/LucasSantana-Dev/cojam/server/internal/queue/queue.go:176.29,177.22 1 1
github.com/LucasSantana-Dev/cojam/server/internal/queue/queue.go:177.22,181.4 3 1
github.com/LucasSantana-Dev/cojam/server/internal/queue/queue.go:183.2,183.51 1 1
github.com/LucasSantana-Dev/cojam/server/internal/queue/queue.go:188.76,189.26 1 1
github.com/LucasSantana-Dev/cojam/server/internal/queue/queue.go:189.26,190.32 1 1
github.com/LucasSantana-Dev/cojam/server/internal/queue/queue.go:190.32,194.4 3 1
github.com/LucasSantana-Dev/cojam/server/internal/queue/queue.go:196.2,196.51 1 1
github.com/LucasSantana-Dev/cojam/server/internal/queue/queue.go:203.57,205.32 1 1
github.com/LucasSantana-Dev/cojam/server/internal/queue/queue.go:205.32,207.3 1 1
github.com/LucasSantana-Dev/cojam/server/internal/queue/queue.go:210.2,212.29 3 1
github.com/LucasSantana-Dev/cojam/server/internal/queue/queue.go:212.29,213.22 1 1
github.com/LucasSantana-Dev/cojam/server/internal/queue/queue.go:213.22,216.9 3 1
github.com/LucasSantana-Dev/cojam/server/internal/queue/queue.go:219.2,219.12 1 1
github.com/LucasSantana-Dev/cojam/server/internal/queue/queue.go:219.12,221.3 1 0
github.com/LucasSantana-Dev/cojam/server/internal/queue/queue.go:224.2,224.35 1 1
github.com/LucasSantana-Dev/cojam/server/internal/queue/queue.go:224.35,228.3 3 1
github.com/LucasSantana-Dev/cojam/server/internal/queue/queue.go:231.2,233.12 3 1
github.com/LucasSantana-Dev/cojam/server/internal/queue/queue.go:239.62,243.29 3 1
github.com/LucasSantana-Dev/cojam/server/internal/queue/queue.go:243.29,244.22 1 1
github.com/LucasSantana-Dev/cojam/server/internal/queue/queue.go:244.22,247.9 3 1
github.com/LucasSantana-Dev/cojam/server/internal/queue/queue.go:250.2,250.12 1 1
github.com/LucasSantana-Dev/cojam/server/internal/queue/queue.go:250.12,252.3 1 1
github.com/LucasSantana-Dev/cojam/server/internal/queue/queue.go:255.2,255.17 1 1
github.com/LucasSantana-Dev/cojam/server/internal/queue/queue.go:255.17,257.3 1 1
github.com/LucasSantana-Dev/cojam/server/internal/queue/queue.go:257.8,257.37 1 1
github.com/LucasSantana-Dev/cojam/server/internal/queue/queue.go:257.37,259.3 1 1
github.com/LucasSantana-Dev/cojam/server/internal/queue/queue.go:262.2,262.29 1 1
github.com/LucasSantana-Dev/cojam/server/internal/queue/queue.go:262.29,264.3 1 0
github.com/LucasSantana-Dev/cojam/server/internal/queue/queue.go:267.2,274.12 5 1
github.com/LucasSantana-Dev/cojam/server/internal/queue/queue.go:279.76,280.26 1 0
github.com/LucasSantana-Dev/cojam/server/internal/queue/queue.go:280.26,281.32 1 0
github.com/LucasSantana-Dev/cojam/server/internal/queue/queue.go:281.32,285.4 3 0
github.com/LucasSantana-Dev/cojam/server/internal/queue/queue.go:287.2,287.51 1 0
github.com/LucasSantana-Dev/cojam/server/internal/listenbrainz/listenbrainz.go:43.92,51.16 2 1
github.com/LucasSantana-Dev/cojam/server/internal/listenbrainz/listenbrainz.go:51.16,53.3 1 0
github.com/LucasSantana-Dev/cojam/server/internal/listenbrainz/listenbrainz.go:56.2,57.30 2 1
github.com/LucasSantana-Dev/cojam/server/internal/listenbrainz/listenbrainz.go:57.30,60.3 1 1
github.com/LucasSantana-Dev/cojam/server/internal/listenbrainz/listenbrainz.go:62.2,66.16 3 1
github.com/LucasSantana-Dev/cojam/server/internal/listenbrainz/listenbrainz.go:66.16,68.3 1 1
github.com/LucasSantana-Dev/cojam/server/internal/listenbrainz/listenbrainz.go:70.2,70.20 1 1
github.com/LucasSantana-Dev/cojam/server/internal/listenbrainz/listenbrainz.go:74.68,79.16 4 1
github.com/LucasSantana-Dev/cojam/server/internal/listenbrainz/listenbrainz.go:79.16,81.3 1 0
github.com/LucasSantana-Dev/cojam/server/internal/listenbrainz/listenbrainz.go:82.2,85.49 3 1
github.com/LucasSantana-Dev/cojam/server/internal/listenbrainz/listenbrainz.go:85.49,87.3 1 1
github.com/LucasSantana-Dev/cojam/server/internal/listenbrainz/listenbrainz.go:90.2,90.61 1 1
github.com/LucasSantana-Dev/cojam/server/internal/listenbrainz/listenbrainz.go:90.61,92.3 1 1
github.com/LucasSantana-Dev/cojam/server/internal/listenbrainz/listenbrainz.go:94.2,94.16 1 1
github.com/LucasSantana-Dev/cojam/server/internal/listenbrainz/listenbrainz.go:105.68,106.16 1 1
github.com/LucasSantana-Dev/cojam/server/internal/listenbrainz/listenbrainz.go:106.16,108.3 1 0
github.com/LucasSantana-Dev/cojam/server/internal/listenbrainz/listenbrainz.go:110.2,113.16 3 1
github.com/LucasSantana-Dev/cojam/server/internal/listenbrainz/listenbrainz.go:113.16,115.3 1 0
github.com/LucasSantana-Dev/cojam/server/internal/listenbrainz/listenbrainz.go:116.2,119.49 3 1
github.com/LucasSantana-Dev/cojam/server/internal/listenbrainz/listenbrainz.go:119.49,122.3 1 0
github.com/LucasSantana-Dev/cojam/server/internal/listenbrainz/listenbrainz.go:124.2,125.30 2 1
github.com/LucasSantana-Dev/cojam/server/internal/listenbrainz/listenbrainz.go:125.30,127.3 1 0
github.com/LucasSantana-Dev/cojam/server/internal/listenbrainz/listenbrainz.go:129.2,129.18 1 1
github.com/LucasSantana-Dev/cojam/server/internal/hub/chat.go:57.44,59.34 2 1
github.com/LucasSantana-Dev/cojam/server/internal/hub/chat.go:59.34,61.3 1 1
github.com/LucasSantana-Dev/cojam/server/internal/hub/chat.go:66.44,70.2 3 1
github.com/LucasSantana-Dev/cojam/server/internal/hub/chat.go:76.77,78.16 2 1
github.com/LucasSantana-Dev/cojam/server/internal/hub/chat.go:78.16,80.3 1 1
github.com/LucasSantana-Dev/cojam/server/internal/hub/chat.go:81.2,81.32 1 1
github.com/LucasSantana-Dev/cojam/server/internal/hub/chat.go:81.32,83.3 1 1
github.com/LucasSantana-Dev/cojam/server/internal/hub/chat.go:84.2,85.32 2 1
github.com/LucasSantana-Dev/cojam/server/internal/hub/chat.go:85.32,87.3 1 1
github.com/LucasSantana-Dev/cojam/server/internal/hub/chat.go:88.2,88.16 1 1
github.com/LucasSantana-Dev/cojam/server/internal/hub/chat.go:88.16,90.3 1 0
github.com/LucasSantana-Dev/cojam/server/internal/hub/chat.go:91.2,98.8 1 1
github.com/LucasSantana-Dev/cojam/server/internal/hub/chat.go:103.58,104.50 1 1
github.com/LucasSantana-Dev/cojam/server/internal/hub/chat.go:104.50,106.3 1 1
github.com/LucasSantana-Dev/cojam/server/internal/hub/chat.go:107.2,107.33 1 1
github.com/LucasSantana-Dev/cojam/server/internal/hub/chat.go:107.33,109.3 1 1
github.com/LucasSantana-Dev/cojam/server/internal/hub/chat.go:110.2,110.12 1 1
github.com/LucasSantana-Dev/cojam/server/internal/hub/chat.go:118.65,119.19 1 1
github.com/LucasSantana-Dev/cojam/server/internal/hub/chat.go:119.19,121.3 1 1
github.com/LucasSantana-Dev/cojam/server/internal/hub/chat.go:122.2,123.16 2 0
github.com/LucasSantana-Dev/cojam/server/internal/hub/chat.go:123.16,125.3 1 0
github.com/LucasSantana-Dev/cojam/server/internal/hub/chat.go:126.2,130.16 2 0
github.com/LucasSantana-Dev/cojam/server/internal/hub/chat.go:130.16,132.3 1 0
github.com/LucasSantana-Dev/cojam/server/internal/hub/chat.go:133.2,134.12 2 0
github.com/LucasSantana-Dev/cojam/server/internal/hub/chat.go:142.84,144.16 2 1
github.com/LucasSantana-Dev/cojam/server/internal/hub/chat.go:144.16,146.3 1 1
github.com/LucasSantana-Dev/cojam/server/internal/hub/chat.go:147.2,151.51 5 1
github.com/LucasSantana-Dev/cojam/server/internal/hub/chat.go:151.51,153.3 1 0
github.com/LucasSantana-Dev/cojam/server/internal/hub/chat.go:154.2,154.61 1 1
github.com/LucasSantana-Dev/cojam/server/internal/hub/chat.go:158.70,164.2 5 1
github.com/LucasSantana-Dev/cojam/server/internal/hub/hub.go:49.58,50.35 1 1
github.com/LucasSantana-Dev/cojam/server/internal/hub/hub.go:50.35,52.3 1 1
github.com/LucasSantana-Dev/cojam/server/internal/hub/hub.go:53.2,53.27 1 1
github.com/LucasSantana-Dev/cojam/server/internal/hub/hub.go:53.27,54.20 1 1
github.com/LucasSantana-Dev/cojam/server/internal/hub/hub.go:54.20,56.4 1 1
github.com/LucasSantana-Dev/cojam/server/internal/hub/hub.go:57.3,57.39 1 1
github.com/LucasSantana-Dev/cojam/server/internal/hub/hub.go:57.39,59.4 1 1
github.com/LucasSantana-Dev/cojam/server/internal/hub/hub.go:60.3,60.40 1 1
github.com/LucasSantana-Dev/cojam/server/internal/hub/hub.go:60.40,62.4 1 1
github.com/LucasSantana-Dev/cojam/server/internal/hub/hub.go:63.3,63.61 1 1
github.com/LucasSantana-Dev/cojam/server/internal/hub/hub.go:63.61,65.4 1 1
github.com/LucasSantana-Dev/cojam/server/internal/hub/hub.go:66.3,66.38 1 1
github.com/LucasSantana-Dev/cojam/server/internal/hub/hub.go:66.38,68.4 1 1
github.com/LucasSantana-Dev/cojam/server/internal/hub/hub.go:69.3,69.41 1 1
github.com/LucasSantana-Dev/cojam/server/internal/hub/hub.go:69.41,71.4 1 1
github.com/LucasSantana-Dev/cojam/server/internal/hub/hub.go:72.3,72.85 1 1
github.com/LucasSantana-Dev/cojam/server/internal/hub/hub.go:72.85,74.4 1 1
github.com/LucasSantana-Dev/cojam/server/internal/hub/hub.go:75.3,75.80 1 1
github.com/LucasSantana-Dev/cojam/server/internal/hub/hub.go:75.80,77.4 1 1
github.com/LucasSantana-Dev/cojam/server/internal/hub/hub.go:78.3,79.63 1 1
github.com/LucasSantana-Dev/cojam/server/internal/hub/hub.go:79.63,81.4 1 1
github.com/LucasSantana-Dev/cojam/server/internal/hub/hub.go:84.3,84.43 1 1
github.com/LucasSantana-Dev/cojam/server/internal/hub/hub.go:84.43,86.4 1 1
github.com/LucasSantana-Dev/cojam/server/internal/hub/hub.go:87.3,87.73 1 1
github.com/LucasSantana-Dev/cojam/server/internal/hub/hub.go:87.73,89.4 1 1
github.com/LucasSantana-Dev/cojam/server/internal/hub/hub.go:91.2,91.12 1 1
github.com/LucasSantana-Dev/cojam/server/internal/hub/hub.go:100.36,100.52 1 1
github.com/LucasSantana-Dev/cojam/server/internal/hub/hub.go:102.64,104.2 1 1
github.com/LucasSantana-Dev/cojam/server/internal/hub/hub.go:109.38,111.25 2 1
github.com/LucasSantana-Dev/cojam/server/internal/hub/hub.go:111.25,113.3 1 1
github.com/LucasSantana-Dev/cojam/server/internal/hub/hub.go:114.2,114.12 1 1
github.com/LucasSantana-Dev/cojam/server/internal/hub/hub.go:178.24,180.2 1 1
github.com/LucasSantana-Dev/cojam/server/internal/hub/hub.go:183.41,185.2 1 1
github.com/LucasSantana-Dev/cojam/server/internal/hub/hub.go:296.43,299.2 2 1
github.com/LucasSantana-Dev/cojam/server/internal/hub/hub.go:302.45,305.2 2 1
github.com/LucasSantana-Dev/cojam/server/internal/hub/hub.go:308.75,311.14 3 1
github.com/LucasSantana-Dev/cojam/server/internal/hub/hub.go:311.14,312.39 1 1
github.com/LucasSantana-Dev/cojam/server/internal/hub/hub.go:312.39,316.4 3 0
github.com/LucasSantana-Dev/cojam/server/internal/hub/hub.go:318.2,318.10 1 1
github.com/LucasSantana-Dev/cojam/server/internal/hub/hub.go:322.43,325.2 2 1
github.com/LucasSantana-Dev/cojam/server/internal/hub/hub.go:329.45,332.2 2 1
github.com/LucasSantana-Dev/cojam/server/internal/hub/hub.go:336.43,339.2 2 1
github.com/LucasSantana-Dev/cojam/server/internal/hub/hub.go:343.50,346.2 2 1
github.com/LucasSantana-Dev/cojam/server/internal/hub/hub.go:350.41,363.2 1 1
github.com/LucasSantana-Dev/cojam/server/internal/hub/hub.go:367.39,368.12 1 1
github.com/LucasSantana-Dev/cojam/server/internal/hub/hub.go:368.12,370.16 2 1
github.com/LucasSantana-Dev/cojam/server/internal/hub/hub.go:370.16,370.33 1 1
github.com/LucasSantana-Dev/cojam/server/internal/hub/hub.go:371.3,371.7 1 1
github.com/LucasSantana-Dev/cojam/server/internal/hub/hub.go:377.45,378.36 1 1
github.com/LucasSantana-Dev/cojam/server/internal/hub/hub.go:378.36,380.3 1 0
github.com/LucasSantana-Dev/cojam/server/internal/hub/hub.go:381.2,383.32 3 1
github.com/LucasSantana-Dev/cojam/server/internal/hub/hub.go:383.32,385.3 1 1
github.com/LucasSantana-Dev/cojam/server/internal/hub/hub.go:386.2,386.42 1 1
github.com/LucasSantana-Dev/cojam/server/internal/hub/hub.go:390.38,394.2 3 1
github.com/LucasSantana-Dev/cojam/server/internal/hub/hub.go:397.54,402.2 4 1
github.com/LucasSantana-Dev/cojam/server/internal/hub/hub.go:405.59,406.20 1 1
github.com/LucasSantana-Dev/cojam/server/internal/hub/hub.go:406.20,408.3 1 0
github.com/LucasSantana-Dev/cojam/server/internal/hub/hub.go:409.2,411.18 3 1
github.com/LucasSantana-Dev/cojam/server/internal/hub/hub.go:411.18,413.3 1 1
github.com/LucasSantana-Dev/cojam/server/internal/hub/hub.go:417.51,421.2 3 1
github.com/LucasSantana-Dev/cojam/server/internal/hub/hub.go:424.58,425.18 1 1
github.com/LucasSantana-Dev/cojam/server/internal/hub/hub.go:425.18,427.3 1 0
github.com/LucasSantana-Dev/cojam/server/internal/hub/hub.go:428.2,435.41 5 1
github.com/LucasSantana-Dev/cojam/server/internal/hub/hub.go:435.41,436.41 1 1
github.com/LucasSantana-Dev/cojam/server/internal/hub/hub.go:436.41,437.42 1 1
github.com/LucasSantana-Dev/cojam/server/internal/hub/hub.go:437.42,439.5 1 1
github.com/LucasSantana-Dev/cojam/server/internal/hub/hub.go:442.2,442.14 1 1
github.com/LucasSantana-Dev/cojam/server/internal/hub/hub.go:447.51,451.13 4 1
github.com/LucasSantana-Dev/cojam/server/internal/hub/hub.go:451.13,453.3 1 1
github.com/LucasSantana-Dev/cojam/server/internal/hub/hub.go:454.2,456.30 3 1
github.com/LucasSantana-Dev/cojam/server/internal/hub/hub.go:464.74,474.27 5 1
github.com/LucasSantana-Dev/cojam/server/internal/hub/hub.go:474.27,477.3 2 1
github.com/LucasSantana-Dev/cojam/server/internal/hub/hub.go:478.2,478.30 1 1
github.com/LucasSantana-Dev/cojam/server/internal/hub/hub.go:478.30,480.3 1 0
github.com/LucasSantana-Dev/cojam/server/internal/hub/hub.go:481.2,481.24 1 1
github.com/LucasSantana-Dev/cojam/server/internal/hub/hub.go:481.24,483.3 1 0
github.com/LucasSantana-Dev/cojam/server/internal/hub/hub.go:484.2,484.41 1 1
github.com/LucasSantana-Dev/cojam/server/internal/hub/hub.go:484.41,486.3 1 1
github.com/LucasSantana-Dev/cojam/server/internal/hub/hub.go:491.2,491.29 1 1
github.com/LucasSantana-Dev/cojam/server/internal/hub/hub.go:491.29,493.47 2 1
github.com/LucasSantana-Dev/cojam/server/internal/hub/hub.go:493.47,495.87 1 1
github.com/LucasSantana-Dev/cojam/server/internal/hub/hub.go:495.87,497.5 1 1
github.com/LucasSantana-Dev/cojam/server/internal/hub/hub.go:498.4,498.43 1 1
github.com/LucasSantana-Dev/cojam/server/internal/hub/hub.go:502.2,502.12 1 1
github.com/LucasSantana-Dev/cojam/server/internal/hub/hub.go:509.65,510.18 1 1
github.com/LucasSantana-Dev/cojam/server/internal/hub/hub.go:510.18,512.3 1 0
github.com/LucasSantana-Dev/cojam/server/internal/hub/hub.go:513.2,516.13 4 1
github.com/LucasSantana-Dev/cojam/server/internal/hub/hub.go:516.13,518.3 1 0
github.com/LucasSantana-Dev/cojam/server/internal/hub/hub.go:519.2,521.37 3 1
github.com/LucasSantana-Dev/cojam/server/internal/hub/hub.go:521.37,522.22 1 1
github.com/LucasSantana-Dev/cojam/server/internal/hub/hub.go:522.22,524.4 1 1
github.com/LucasSantana-Dev/cojam/server/internal/hub/hub.go:526.2,526.14 1 1
github.com/LucasSantana-Dev/cojam/server/internal/hub/hub.go:538.52,540.45 2 1
github.com/LucasSantana-Dev/cojam/server/internal/hub/hub.go:540.45,544.3 3 1
github.com/LucasSantana-Dev/cojam/server/internal/hub/hub.go:545.2,553.32 5 1
github.com/LucasSantana-Dev/cojam/server/internal/hub/hub.go:553.32,554.64 1 1
github.com/LucasSantana-Dev/cojam/server/internal/hub/hub.go:554.64,556.4 1 0
github.com/LucasSantana-Dev/cojam/server/internal/hub/hub.go:558.3,566.69 2 1
github.com/LucasSantana-Dev/cojam/server/internal/hub/hub.go:566.69,568.4 1 0
github.com/LucasSantana-Dev/cojam/server/internal/hub/hub.go:573.2,575.45 3 1
github.com/LucasSantana-Dev/cojam/server/internal/hub/hub.go:575.45,578.3 2 1
github.com/LucasSantana-Dev/cojam/server/internal/hub/hub.go:579.2,582.13 4 1
github.com/LucasSantana-Dev/cojam/server/internal/hub/hub.go:589.53,592.2 2 1
github.com/LucasSantana-Dev/cojam/server/internal/hub/hub.go:597.41,598.24 1 0
github.com/LucasSantana-Dev/cojam/server/internal/hub/hub.go:598.24,599.17 1 0
github.com/LucasSantana-Dev/cojam/server/internal/hub/hub.go:599.18,599.19 0 0
github.com/LucasSantana-Dev/cojam/server/internal/hub/hub.go:601.2,602.28 2 0
github.com/LucasSantana-Dev/cojam/server/internal/hub/hub.go:602.28,604.3 1 0
github.com/LucasSantana-Dev/cojam/server/internal/hub/hub.go:605.2,606.12 2 0
github.com/LucasSantana-Dev/cojam/server/internal/hub/hub.go:606.12,609.7 3 0
github.com/LucasSantana-Dev/cojam/server/internal/hub/hub.go:609.7,610.11 1 0
github.com/LucasSantana-Dev/cojam/server/internal/hub/hub.go:611.16,612.11 1 0
github.com/LucasSantana-Dev/cojam/server/internal/hub/hub.go:613.27,614.26 1 0
github.com/LucasSantana-Dev/cojam/server/internal/hub/hub.go:618.2,618.16 1 0
github.com/LucasSantana-Dev/cojam/server/internal/hub/hub.go:618.16,618.31 1 0
github.com/LucasSantana-Dev/cojam/server/internal/hub/hub.go:626.45,627.24 1 1
github.com/LucasSantana-Dev/cojam/server/internal/hub/hub.go:627.24,629.3 1 1
github.com/LucasSantana-Dev/cojam/server/internal/hub/hub.go:630.2,634.36 5 1
github.com/LucasSantana-Dev/cojam/server/internal/hub/hub.go:634.36,635.33 1 1
github.com/LucasSantana-Dev/cojam/server/internal/hub/hub.go:635.33,636.12 1 1
github.com/LucasSantana-Dev/cojam/server/internal/hub/hub.go:638.3,638.51 1 1
github.com/LucasSantana-Dev/cojam/server/internal/hub/hub.go:638.51,639.12 1 1
github.com/LucasSantana-Dev/cojam/server/internal/hub/hub.go:641.3,642.22 2 1
github.com/LucasSantana-Dev/cojam/server/internal/hub/hub.go:642.22,644.4 1 0
github.com/LucasSantana-Dev/cojam/server/internal/hub/hub.go:650.52,651.34 1 1
github.com/LucasSantana-Dev/cojam/server/internal/hub/hub.go:651.34,652.33 1 1
github.com/LucasSantana-Dev/cojam/server/internal/hub/hub.go:652.33,654.4 1 1
github.com/LucasSantana-Dev/cojam/server/internal/hub/hub.go:656.2,656.14 1 1
github.com/LucasSantana-Dev/cojam/server/internal/hub/hub.go:666.95,671.15 4 1
github.com/LucasSantana-Dev/cojam/server/internal/hub/hub.go:671.15,672.40 1 1
github.com/LucasSantana-Dev/cojam/server/internal/hub/hub.go:672.40,675.4 2 1
github.com/LucasSantana-Dev/cojam/server/internal/hub/hub.go:677.2,680.16 4 1
github.com/LucasSantana-Dev/cojam/server/internal/hub/hub.go:680.16,682.3 1 0
github.com/LucasSantana-Dev/cojam/server/internal/hub/hub.go:684.2,684.26 1 1
github.com/LucasSantana-Dev/cojam/server/internal/hub/hub.go:684.26,688.58 2 1
github.com/LucasSantana-Dev/cojam/server/internal/hub/hub.go:688.58,689.23 1 0
github.com/LucasSantana-Dev/cojam/server/internal/hub/hub.go:689.23,691.5 1 0
github.com/LucasSantana-Dev/cojam/server/internal/hub/hub.go:692.9,695.75 3 1
github.com/LucasSantana-Dev/cojam/server/internal/hub/hub.go:695.75,697.5 1 0
github.com/LucasSantana-Dev/cojam/server/internal/hub/hub.go:701.3,701.49 1 1
github.com/LucasSantana-Dev/cojam/server/internal/hub/hub.go:701.49,703.4 1 0
github.com/LucasSantana-Dev/cojam/server/internal/hub/hub.go:705.2,705.18 1 1
github.com/LucasSantana-Dev/cojam/server/internal/hub/hub.go:708.67,709.19 1 1
github.com/LucasSantana-Dev/cojam/server/internal/hub/hub.go:709.19,711.3 1 1
github.com/LucasSantana-Dev/cojam/server/internal/hub/hub.go:712.2,716.16 2 0
github.com/LucasSantana-Dev/cojam/server/internal/hub/hub.go:716.16,718.3 1 0
github.com/LucasSantana-Dev/cojam/server/internal/hub/hub.go:719.2,720.12 2 0
github.com/LucasSantana-Dev/cojam/server/internal/hub/hub.go:727.93,729.2 1 1
github.com/LucasSantana-Dev/cojam/server/internal/hub/hub.go:737.100,747.16 4 1
github.com/LucasSantana-Dev/cojam/server/internal/hub/hub.go:747.16,749.3 1 1
github.com/LucasSantana-Dev/cojam/server/internal/hub/hub.go:750.2,750.16 1 1
github.com/LucasSantana-Dev/cojam/server/internal/hub/hub.go:750.16,752.3 1 1
github.com/LucasSantana-Dev/cojam/server/internal/hub/hub.go:753.2,753.16 1 1
github.com/LucasSantana-Dev/cojam/server/internal/hub/hub.go:753.16,755.3 1 1
github.com/LucasSantana-Dev/cojam/server/internal/hub/hub.go:756.2,756.16 1 1
github.com/LucasSantana-Dev/cojam/server/internal/hub/hub.go:756.16,758.3 1 1
github.com/LucasSantana-Dev/cojam/server/internal/hub/hub.go:759.2,761.22 2 1
github.com/LucasSantana-Dev/cojam/server/internal/hub/hub.go:761.22,763.3 1 1
github.com/LucasSantana-Dev/cojam/server/internal/hub/hub.go:764.2,764.21 1 1
github.com/LucasSantana-Dev/cojam/server/internal/hub/hub.go:764.21,774.17 4 1
github.com/LucasSantana-Dev/cojam/server/internal/hub/hub.go:774.17,776.4 1 0
github.com/LucasSantana-Dev/cojam/server/internal/hub/hub.go:776.9,778.4 1 1
github.com/LucasSantana-Dev/cojam/server/internal/hub/hub.go:780.2,780.20 1 1
github.com/LucasSantana-Dev/cojam/server/internal/hub/hub.go:785.60,786.54 1 1
github.com/LucasSantana-Dev/cojam/server/internal/hub/hub.go:786.54,788.3 1 1
github.com/LucasSantana-Dev/cojam/server/internal/hub/hub.go:789.2,789.35 1 1
github.com/LucasSantana-Dev/cojam/server/internal/hub/hub.go:789.35,791.3 1 1
github.com/LucasSantana-Dev/cojam/server/internal/hub/hub.go:792.2,792.12 1 1
github.com/LucasSantana-Dev/cojam/server/internal/hub/hub.go:797.58,798.50 1 1
github.com/LucasSantana-Dev/cojam/server/internal/hub/hub.go:798.50,800.3 1 1
github.com/LucasSantana-Dev/cojam/server/internal/hub/hub.go:801.2,801.33 1 1
github.com/LucasSantana-Dev/cojam/server/internal/hub/hub.go:801.33,803.3 1 1
github.com/LucasSantana-Dev/cojam/server/internal/hub/hub.go:804.2,804.12 1 1
github.com/LucasSantana-Dev/cojam/server/internal/hub/hub.go:809.58,810.50 1 1
github.com/LucasSantana-Dev/cojam/server/internal/hub/hub.go:810.50,812.3 1 1
github.com/LucasSantana-Dev/cojam/server/internal/hub/hub.go:813.2,813.33 1 1
github.com/LucasSantana-Dev/cojam/server/internal/hub/hub.go:813.33,815.3 1 1
github.com/LucasSantana-Dev/cojam/server/internal/hub/hub.go:816.2,816.12 1 1
github.com/LucasSantana-Dev/cojam/server/internal/hub/hub.go:819.99,820.16 1 1
github.com/LucasSantana-Dev/cojam/server/internal/hub/hub.go:821.19,826.52 2 1
github.com/LucasSantana-Dev/cojam/server/internal/hub/hub.go:826.52,828.4 1 0
github.com/LucasSantana-Dev/cojam/server/internal/hub/hub.go:829.3,829.23 1 1
github.com/LucasSantana-Dev/cojam/server/internal/hub/hub.go:829.23,831.4 1 0
github.com/LucasSantana-Dev/cojam/server/internal/hub/hub.go:832.3,832.62 1 1
github.com/LucasSantana-Dev/cojam/server/internal/hub/hub.go:832.62,835.20 1 1
github.com/LucasSantana-Dev/cojam/server/internal/hub/hub.go:835.20,836.27 1 1
github.com/LucasSantana-Dev/cojam/server/internal/hub/hub.go:836.27,840.6 2 1
github.com/LucasSantana-Dev/cojam/server/internal/hub/hub.go:840.11,840.59 1 1
github.com/LucasSantana-Dev/cojam/server/internal/hub/hub.go:840.59,844.6 2 1
github.com/LucasSantana-Dev/cojam/server/internal/hub/hub.go:848.4,848.14 1 1
github.com/LucasSantana-Dev/cojam/server/internal/hub/hub.go:851.19,856.52 2 1
github.com/LucasSantana-Dev/cojam/server/internal/hub/hub.go:856.52,858.4 1 0
github.com/LucasSantana-Dev/cojam/server/internal/hub/hub.go:859.3,859.23 1 1
github.com/LucasSantana-Dev/cojam/server/internal/hub/hub.go:859.23,861.4 1 0
github.com/LucasSantana-Dev/cojam/server/internal/hub/hub.go:867.3,867.75 1 1
github.com/LucasSantana-Dev/cojam/server/internal/hub/hub.go:867.75,869.4 1 1
github.com/LucasSantana-Dev/cojam/server/internal/hub/hub.go:871.3,873.67 3 1
github.com/LucasSantana-Dev/cojam/server/internal/hub/hub.go:873.67,874.42 1 1
github.com/LucasSantana-Dev/cojam/server/internal/hub/hub.go:874.42,876.5 1 1
github.com/LucasSantana-Dev/cojam/server/internal/hub/hub.go:877.4,878.14 2 1
github.com/LucasSantana-Dev/cojam/server/internal/hub/hub.go:880.3,880.73 1 1
github.com/LucasSantana-Dev/cojam/server/internal/hub/hub.go:880.73,881.26 1 1
github.com/LucasSantana-Dev/cojam/server/internal/hub/hub.go:881.26,881.77 1 1
github.com/LucasSantana-Dev/cojam/server/internal/hub/hub.go:883.3,883.80 1 1
github.com/LucasSantana-Dev/cojam/server/internal/hub/hub.go:883.80,884.26 1 1
github.com/LucasSantana-Dev/cojam/server/internal/hub/hub.go:884.26,884.77 1 1
github.com/LucasSantana-Dev/cojam/server/internal/hub/hub.go:886.3,886.18 1 1
github.com/LucasSantana-Dev/cojam/server/internal/hub/hub.go:888.22,893.52 2 1
github.com/LucasSantana-Dev/cojam/server/internal/hub/hub.go:893.52,895.4 1 0
github.com/LucasSantana-Dev/cojam/server/internal/hub/hub.go:896.3,896.62 1 1
github.com/LucasSantana-Dev/cojam/server/internal/hub/hub.go:896.62,898.4 1 1
github.com/LucasSantana-Dev/cojam/server/internal/hub/hub.go:900.25,905.52 2 1
github.com/LucasSantana-Dev/cojam/server/internal/hub/hub.go:905.52,907.4 1 0
github.com/LucasSantana-Dev/cojam/server/internal/hub/hub.go:908.3,908.62 1 1
github.com/LucasSantana-Dev/cojam/server/internal/hub/hub.go:908.62,910.4 1 1
github.com/LucasSantana-Dev/cojam/server/internal/hub/hub.go:912.29,917.52 2 1
github.com/LucasSantana-Dev/cojam/server/internal/hub/hub.go:917.52,919.4 1 0
github.com/LucasSantana-Dev/cojam/server/internal/hub/hub.go:920.3,920.23 1 1
github.com/LucasSantana-Dev/cojam/server/internal/hub/hub.go:920.23,922.4 1 0
github.com/LucasSantana-Dev/cojam/server/internal/hub/hub.go:925.3,927.67 2 1
github.com/LucasSantana-Dev/cojam/server/internal/hub/hub.go:927.67,931.54 2 1
github.com/LucasSantana-Dev/cojam/server/internal/hub/hub.go:931.54,933.5 1 0
github.com/LucasSantana-Dev/cojam/server/internal/hub/hub.go:936.4,936.103 1 1
github.com/LucasSantana-Dev/cojam/server/internal/hub/hub.go:936.103,943.5 2 1
github.com/LucasSantana-Dev/cojam/server/internal/hub/hub.go:945.4,945.14 1 1
github.com/LucasSantana-Dev/cojam/server/internal/hub/hub.go:949.3,949.58 1 1
github.com/LucasSantana-Dev/cojam/server/internal/hub/hub.go:949.58,951.4 1 1
github.com/LucasSantana-Dev/cojam/server/internal/hub/hub.go:953.3,953.18 1 1
github.com/LucasSantana-Dev/cojam/server/internal/hub/hub.go:955.23,961.52 2 1
github.com/LucasSantana-Dev/cojam/server/internal/hub/hub.go:961.52,963.4 1 0
github.com/LucasSantana-Dev/cojam/server/internal/hub/hub.go:964.3,964.23 1 1
github.com/LucasSantana-Dev/cojam/server/internal/hub/hub.go:964.23,966.4 1 0
github.com/LucasSantana-Dev/cojam/server/internal/hub/hub.go:967.3,967.62 1 1
github.com/LucasSantana-Dev/cojam/server/internal/hub/hub.go:967.62,969.4 1 1
github.com/LucasSantana-Dev/cojam/server/internal/hub/hub.go:971.20,972.23 1 1
github.com/LucasSantana-Dev/cojam/server/internal/hub/hub.go:972.23,974.4 1 1
github.com/LucasSantana-Dev/cojam/server/internal/hub/hub.go:975.3,979.52 2 1
github.com/LucasSantana-Dev/cojam/server/internal/hub/hub.go:979.52,981.4 1 0
github.com/LucasSantana-Dev/cojam/server/internal/hub/hub.go:982.3,982.23 1 1
github.com/LucasSantana-Dev/cojam/server/internal/hub/hub.go:982.23,984.4 1 0
github.com/LucasSantana-Dev/cojam/server/internal/hub/hub.go:988.3,988.62 1 1
github.com/LucasSantana-Dev/cojam/server/internal/hub/hub.go:988.62,990.46 2 1
github.com/LucasSantana-Dev/cojam/server/internal/hub/hub.go:990.46,992.5 1 1
github.com/LucasSantana-Dev/cojam/server/internal/hub/hub.go:993.4,993.47 1 1
github.com/LucasSantana-Dev/cojam/server/internal/hub/hub.go:993.47,995.5 1 0
github.com/LucasSantana-Dev/cojam/server/internal/hub/hub.go:996.4,996.14 1 1
github.com/LucasSantana-Dev/cojam/server/internal/hub/hub.go:999.22,1004.52 2 1
github.com/LucasSantana-Dev/cojam/server/internal/hub/hub.go:1004.52,1006.4 1 0
github.com/LucasSantana-Dev/cojam/server/internal/hub/hub.go:1009.3,1009.24 1 1
github.com/LucasSantana-Dev/cojam/server/internal/hub/hub.go:1009.24,1011.4 1 1
github.com/LucasSantana-Dev/cojam/server/internal/hub/hub.go:1014.3,1018.17 4 1
github.com/LucasSantana-Dev/cojam/server/internal/hub/hub.go:1018.17,1020.23 1 0
github.com/LucasSantana-Dev/cojam/server/internal/hub/hub.go:1020.23,1022.5 1 0
github.com/LucasSantana-Dev/cojam/server/internal/hub/hub.go:1023.4,1023.41 1 0
github.com/LucasSantana-Dev/cojam/server/internal/hub/hub.go:1026.3,1026.31 1 1
github.com/LucasSantana-Dev/cojam/server/internal/hub/hub.go:1028.21,1035.52 2 0
github.com/LucasSantana-Dev/cojam/server/internal/hub/hub.go:1035.52,1037.4 1 0
github.com/LucasSantana-Dev/cojam/server/internal/hub/hub.go:1038.3,1044.51 1 0
github.com/LucasSantana-Dev/cojam/server/internal/hub/hub.go:1044.51,1046.5 1 0
github.com/LucasSantana-Dev/cojam/server/internal/hub/hub.go:1048.22,1056.52 2 1
github.com/LucasSantana-Dev/cojam/server/internal/hub/hub.go:1056.52,1058.4 1 0
github.com/LucasSantana-Dev/cojam/server/internal/hub/hub.go:1059.3,1061.51 1 1
github.com/LucasSantana-Dev/cojam/server/internal/hub/hub.go:1061.51,1063.5 1 1
github.com/LucasSantana-Dev/cojam/server/internal/hub/hub.go:1065.28,1072.52 2 0
github.com/LucasSantana-Dev/cojam/server/internal/hub/hub.go:1072.52,1074.4 1 0
github.com/LucasSantana-Dev/cojam/server/internal/hub/hub.go:1075.3,1081.51 1 0
github.com/LucasSantana-Dev/cojam/server/internal/hub/hub.go:1081.51,1083.5 1 0
github.com/LucasSantana-Dev/cojam/server/internal/hub/hub.go:1085.22,1091.52 2 1
github.com/LucasSantana-Dev/cojam/server/internal/hub/hub.go:1091.52,1093.4 1 0
github.com/LucasSantana-Dev/cojam/server/internal/hub/hub.go:1094.3,1101.51 1 1
github.com/LucasSantana-Dev/cojam/server/internal/hub/hub.go:1101.51,1103.5 1 1
github.com/LucasSantana-Dev/cojam/server/internal/hub/hub.go:1105.25,1112.52 2 1
github.com/LucasSantana-Dev/cojam/server/internal/hub/hub.go:1112.52,1114.4 1 0
github.com/LucasSantana-Dev/cojam/server/internal/hub/hub.go:1115.3,1115.23 1 1
github.com/LucasSantana-Dev/cojam/server/internal/hub/hub.go:1115.23,1117.4 1 0
github.com/LucasSantana-Dev/cojam/server/internal/hub/hub.go:1118.3,1118.20 1 1
github.com/LucasSantana-Dev/cojam/server/internal/hub/hub.go:1118.20,1120.4 1 1
github.com/LucasSantana-Dev/cojam/server/internal/hub/hub.go:1121.3,1121.43 1 1
github.com/LucasSantana-Dev/cojam/server/internal/hub/hub.go:1121.43,1123.4 1 1
github.com/LucasSantana-Dev/cojam/server/internal/hub/hub.go:1125.3,1126.26 2 1
github.com/LucasSantana-Dev/cojam/server/internal/hub/hub.go:1126.26,1130.59 1 1
github.com/LucasSantana-Dev/cojam/server/internal/hub/hub.go:1130.59,1132.5 1 1
github.com/LucasSantana-Dev/cojam/server/internal/hub/hub.go:1133.4,1133.23 1 1
github.com/LucasSantana-Dev/cojam/server/internal/hub/hub.go:1134.9,1136.32 1 1
github.com/LucasSantana-Dev/cojam/server/internal/hub/hub.go:1136.32,1138.5 1 1
github.com/LucasSantana-Dev/cojam/server/internal/hub/hub.go:1141.4,1146.18 5 1
github.com/LucasSantana-Dev/cojam/server/internal/hub/hub.go:1146.18,1149.50 1 1
github.com/LucasSantana-Dev/cojam/server/internal/hub/hub.go:1149.50,1151.6 1 1
github.com/LucasSantana-Dev/cojam/server/internal/hub/hub.go:1152.5,1152.63 1 0
github.com/LucasSantana-Dev/cojam/server/internal/hub/hub.go:1160.3,1161.70 2 1
github.com/LucasSantana-Dev/cojam/server/internal/hub/hub.go:1161.70,1163.22 2 1
github.com/LucasSantana-Dev/cojam/server/internal/hub/hub.go:1163.22,1165.5 1 0
github.com/LucasSantana-Dev/cojam/server/internal/hub/hub.go:1167.4,1168.31 2 1
github.com/LucasSantana-Dev/cojam/server/internal/hub/hub.go:1168.31,1170.5 1 1
github.com/LucasSantana-Dev/cojam/server/internal/hub/hub.go:1172.4,1172.32 1 1
github.com/LucasSantana-Dev/cojam/server/internal/hub/hub.go:1172.32,1178.5 4 1
github.com/LucasSantana-Dev/cojam/server/internal/hub/hub.go:1179.4,1179.14 1 1
github.com/LucasSantana-Dev/cojam/server/internal/hub/hub.go:1183.3,1183.41 1 1
github.com/LucasSantana-Dev/cojam/server/internal/hub/hub.go:1183.41,1187.39 4 1
github.com/LucasSantana-Dev/cojam/server/internal/hub/hub.go:1187.39,1189.5 1 1
github.com/LucasSantana-Dev/cojam/server/internal/hub/hub.go:1190.4,1193.32 2 1
github.com/LucasSantana-Dev/cojam/server/internal/hub/hub.go:1193.32,1195.12 2 1
github.com/LucasSantana-Dev/cojam/server/internal/hub/hub.go:1195.12,1196.14 1 0
github.com/LucasSantana-Dev/cojam/server/internal/hub/hub.go:1198.5,1198.57 1 1
github.com/LucasSantana-Dev/cojam/server/internal/hub/hub.go:1198.57,1199.28 1 1
github.com/LucasSantana-Dev/cojam/server/internal/hub/hub.go:1199.28,1199.76 1 1
github.com/LucasSantana-Dev/cojam/server/internal/hub/hub.go:1201.5,1201.64 1 1
github.com/LucasSantana-Dev/cojam/server/internal/hub/hub.go:1201.64,1202.28 1 0
github.com/LucasSantana-Dev/cojam/server/internal/hub/hub.go:1202.28,1202.76 1 0
github.com/LucasSantana-Dev/cojam/server/internal/hub/hub.go:1207.3,1207.21 1 1
github.com/LucasSantana-Dev/cojam/server/internal/hub/hub.go:1209.19,1214.52 2 1
github.com/LucasSantana-Dev/cojam/server/internal/hub/hub.go:1214.52,1216.4 1 0
github.com/LucasSantana-Dev/cojam/server/internal/hub/hub.go:1217.3,1217.23 1 1
github.com/LucasSantana-Dev/cojam/server/internal/hub/hub.go:1217.23,1219.4 1 0
github.com/LucasSantana-Dev/cojam/server/internal/hub/hub.go:1220.3,1220.62 1 1
github.com/LucasSantana-Dev/cojam/server/internal/hub/hub.go:1220.62,1224.4 3 1
github.com/LucasSantana-Dev/cojam/server/internal/hub/hub.go:1226.25,1227.28 1 1
github.com/LucasSantana-Dev/cojam/server/internal/hub/hub.go:1227.28,1229.4 1 1
github.com/LucasSantana-Dev/cojam/server/internal/hub/hub.go:1230.3,1235.52 2 1
github.com/LucasSantana-Dev/cojam/server/internal/hub/hub.go:1235.52,1237.4 1 0
github.com/LucasSantana-Dev/cojam/server/internal/hub/hub.go:1238.3,1238.23 1 1
github.com/LucasSantana-Dev/cojam/server/internal/hub/hub.go:1238.23,1240.4 1 0
github.com/LucasSantana-Dev/cojam/server/internal/hub/hub.go:1244.3,1245.22 2 1
github.com/LucasSantana-Dev/cojam/server/internal/hub/hub.go:1245.22,1247.56 2 1
github.com/LucasSantana-Dev/cojam/server/internal/hub/hub.go:1247.56,1249.5 1 1
github.com/LucasSantana-Dev/cojam/server/internal/hub/hub.go:1250.4,1250.19 1 1
github.com/LucasSantana-Dev/cojam/server/internal/hub/hub.go:1252.3,1252.62 1 1
github.com/LucasSantana-Dev/cojam/server/internal/hub/hub.go:1252.62,1254.19 2 1
github.com/LucasSantana-Dev/cojam/server/internal/hub/hub.go:1254.19,1256.5 1 1
github.com/LucasSantana-Dev/cojam/server/internal/hub/hub.go:1257.4,1258.14 2 1
github.com/LucasSantana-Dev/cojam/server/internal/hub/hub.go:1261.19,1262.28 1 1
github.com/LucasSantana-Dev/cojam/server/internal/hub/hub.go:1262.28,1264.4 1 1
github.com/LucasSantana-Dev/cojam/server/internal/hub/hub.go:1265.3,1265.29 1 1
github.com/LucasSantana-Dev/cojam/server/internal/hub/hub.go:1267.24,1268.21 1 1
github.com/LucasSantana-Dev/cojam/server/internal/hub/hub.go:1268.21,1270.4 1 1
github.com/LucasSantana-Dev/cojam/server/internal/hub/hub.go:1271.3,1276.52 2 1
github.com/LucasSantana-Dev/cojam/server/internal/hub/hub.go:1276.52,1278.4 1 0
github.com/LucasSantana-Dev/cojam/server/internal/hub/hub.go:1279.3,1279.23 1 1
github.com/LucasSantana-Dev/cojam/server/internal/hub/hub.go:1279.23,1281.4 1 0
github.com/LucasSantana-Dev/cojam/server/internal/hub/hub.go:1282.3,1282.25 1 1
github.com/LucasSantana-Dev/cojam/server/internal/hub/hub.go:1282.25,1284.4 1 1
github.com/LucasSantana-Dev/cojam/server/internal/hub/hub.go:1285.3,1285.62 1 1
github.com/LucasSantana-Dev/cojam/server/internal/hub/hub.go:1285.62,1286.25 1 1
github.com/LucasSantana-Dev/cojam/server/internal/hub/hub.go:1286.25,1287.56 1 1
github.com/LucasSantana-Dev/cojam/server/internal/hub/hub.go:1287.56,1289.6 1 0
github.com/LucasSantana-Dev/cojam/server/internal/hub/hub.go:1291.4,1297.14 3 1
github.com/LucasSantana-Dev/cojam/server/internal/hub/hub.go:1300.25,1301.21 1 1
github.com/LucasSantana-Dev/cojam/server/internal/hub/hub.go:1301.21,1303.4 1 1
github.com/LucasSantana-Dev/cojam/server/internal/hub/hub.go:1304.3,1308.52 2 1
github.com/LucasSantana-Dev/cojam/server/internal/hub/hub.go:1308.52,1310.4 1 0
github.com/LucasSantana-Dev/cojam/server/internal/hub/hub.go:1311.3,1311.23 1 1
github.com/LucasSantana-Dev/cojam/server/internal/hub/hub.go:1311.23,1313.4 1 0
github.com/LucasSantana-Dev/cojam/server/internal/hub/hub.go:1314.3,1314.25 1 1
github.com/LucasSantana-Dev/cojam/server/internal/hub/hub.go:1314.25,1316.4 1 0
github.com/LucasSantana-Dev/cojam/server/internal/hub/hub.go:1317.3,1317.62 1 1
github.com/LucasSantana-Dev/cojam/server/internal/hub/hub.go:1317.62,1318.26 1 1
github.com/LucasSantana-Dev/cojam/server/internal/hub/hub.go:1318.26,1320.5 1 0
github.com/LucasSantana-Dev/cojam/server/internal/hub/hub.go:1321.4,1325.14 5 1
github.com/LucasSantana-Dev/cojam/server/internal/hub/hub.go:1328.24,1329.21 1 1
github.com/LucasSantana-Dev/cojam/server/internal/hub/hub.go:1329.21,1331.4 1 1
github.com/LucasSantana-Dev/cojam/server/internal/hub/hub.go:1332.3,1336.52 2 1
github.com/LucasSantana-Dev/cojam/server/internal/hub/hub.go:1336.52,1338.4 1 0
github.com/LucasSantana-Dev/cojam/server/internal/hub/hub.go:1339.3,1339.23 1 1
github.com/LucasSantana-Dev/cojam/server/internal/hub/hub.go:1339.23,1341.4 1 0
github.com/LucasSantana-Dev/cojam/server/internal/hub/hub.go:1342.3,1342.25 1 1
github.com/LucasSantana-Dev/cojam/server/internal/hub/hub.go:1342.25,1344.4 1 0
github.com/LucasSantana-Dev/cojam/server/internal/hub/hub.go:1345.3,1345.62 1 1
github.com/LucasSantana-Dev/cojam/server/internal/hub/hub.go:1345.62,1346.26 1 1
github.com/LucasSantana-Dev/cojam/server/internal/hub/hub.go:1346.26,1348.5 1 0
github.com/LucasSantana-Dev/cojam/server/internal/hub/hub.go:1349.4,1352.14 4 1
github.com/LucasSantana-Dev/cojam/server/internal/hub/hub.go:1355.19,1356.21 1 1
github.com/LucasSantana-Dev/cojam/server/internal/hub/hub.go:1356.21,1358.4 1 1
github.com/LucasSantana-Dev/cojam/server/internal/hub/hub.go:1359.3,1364.52 2 1
github.com/LucasSantana-Dev/cojam/server/internal/hub/hub.go:1364.52,1366.4 1 0
github.com/LucasSantana-Dev/cojam/server/internal/hub/hub.go:1367.3,1367.23 1 1
github.com/LucasSantana-Dev/cojam/server/internal/hub/hub.go:1367.23,1369.4 1 0
github.com/LucasSantana-Dev/cojam/server/internal/hub/hub.go:1370.3,1370.60 1 1
github.com/LucasSantana-Dev/cojam/server/internal/hub/hub.go:1372.22,1373.21 1 1
github.com/LucasSantana-Dev/cojam/server/internal/hub/hub.go:1373.21,1375.4 1 1
github.com/LucasSantana-Dev/cojam/server/internal/hub/hub.go:1376.3,1379.52 2 1
github.com/LucasSantana-Dev/cojam/server/internal/hub/hub.go:1379.52,1381.4 1 0
github.com/LucasSantana-Dev/cojam/server/internal/hub/hub.go:1382.3,1382.23 1 1
github.com/LucasSantana-Dev/cojam/server/internal/hub/hub.go:1382.23,1384.4 1 0
github.com/LucasSantana-Dev/cojam/server/internal/hub/hub.go:1385.3,1385.38 1 1
github.com/LucasSantana-Dev/cojam/server/internal/hub/hub.go:1387.19,1388.79 1 1
github.com/LucasSantana-Dev/cojam/server/internal/hub/hub.go:1390.10,1391.45 1 1
github.com/LucasSantana-Dev/cojam/server/internal/hub/hub.go:1400.181,1401.17 1 1
github.com/LucasSantana-Dev/cojam/server/internal/hub/hub.go:1401.17,1403.3 1 1
github.com/LucasSantana-Dev/cojam/server/internal/hub/hub.go:1405.2,1409.16 4 1
github.com/LucasSantana-Dev/cojam/server/internal/hub/hub.go:1409.16,1410.22 1 0
github.com/LucasSantana-Dev/cojam/server/internal/hub/hub.go:1410.22,1412.4 1 0
github.com/LucasSantana-Dev/cojam/server/internal/hub/hub.go:1413.3,1413.29 1 0
github.com/LucasSantana-Dev/cojam/server/internal/hub/hub.go:1416.2,1416.29 1 1
github.com/LucasSantana-Dev/cojam/server/internal/hub/hub.go:1421.75,1426.30 4 1
github.com/LucasSantana-Dev/cojam/server/internal/hub/hub.go:1426.30,1427.22 1 0
github.com/LucasSantana-Dev/cojam/server/internal/hub/hub.go:1427.22,1429.4 1 0
github.com/LucasSantana-Dev/cojam/server/internal/hub/hub.go:1430.3,1430.9 1 0
github.com/LucasSantana-Dev/cojam/server/internal/hub/hub.go:1432.2,1432.22 1 1
github.com/LucasSantana-Dev/cojam/server/internal/hub/hub.go:1432.22,1434.3 1 0
github.com/LucasSantana-Dev/cojam/server/internal/hub/hub.go:1435.2,1435.63 1 1
github.com/LucasSantana-Dev/cojam/server/internal/hub/hub.go:1435.63,1437.3 1 1
github.com/LucasSantana-Dev/cojam/server/internal/hub/hub.go:1437.36,1440.3 1 0
github.com/LucasSantana-Dev/cojam/server/internal/hub/hub.go:1441.2,1441.21 1 1
github.com/LucasSantana-Dev/cojam/server/internal/hub/hub.go:1441.21,1444.3 1 0
github.com/LucasSantana-Dev/cojam/server/internal/hub/hub.go:1448.57,1455.70 4 0
github.com/LucasSantana-Dev/cojam/server/internal/hub/hub.go:1455.70,1458.63 1 0
github.com/LucasSantana-Dev/cojam/server/internal/hub/hub.go:1458.63,1461.4 2 0
github.com/LucasSantana-Dev/cojam/server/internal/hub/hub.go:1462.3,1463.60 2 0
github.com/LucasSantana-Dev/cojam/server/internal/hub/hub.go:1470.51,1471.18 1 1
github.com/LucasSantana-Dev/cojam/server/internal/hub/hub.go:1471.18,1473.3 1 1
github.com/LucasSantana-Dev/cojam/server/internal/hub/hub.go:1474.2,1474.29 1 1
github.com/LucasSantana-Dev/cojam/server/internal/hub/hub.go:1478.50,1481.2 2 1
github.com/LucasSantana-Dev/cojam/server/internal/hub/hub.go:1484.45,1487.2 2 1
github.com/LucasSantana-Dev/cojam/server/internal/hub/hub.go:1490.60,1493.2 2 1
github.com/LucasSantana-Dev/cojam/server/internal/hub/hub.go:1496.60,1499.2 2 1
github.com/LucasSantana-Dev/cojam/server/internal/hub/hub.go:1502.67,1505.2 2 0
github.com/LucasSantana-Dev/cojam/server/internal/hub/hub.go:1508.58,1511.2 2 1
github.com/LucasSantana-Dev/cojam/server/internal/hub/hub.go:1514.71,1517.2 2 0
github.com/LucasSantana-Dev/cojam/server/internal/hub/hub.go:1520.71,1523.2 2 1
github.com/LucasSantana-Dev/cojam/server/internal/hub/hub.go:1527.75,1532.30 4 1
github.com/LucasSantana-Dev/cojam/server/internal/hub/hub.go:1532.30,1533.22 1 0
github.com/LucasSantana-Dev/cojam/server/internal/hub/hub.go:1533.22,1535.4 1 0
github.com/LucasSantana-Dev/cojam/server/internal/hub/hub.go:1536.3,1536.9 1 0
github.com/LucasSantana-Dev/cojam/server/internal/hub/hub.go:1538.2,1538.22 1 1
github.com/LucasSantana-Dev/cojam/server/internal/hub/hub.go:1538.22,1540.3 1 0
github.com/LucasSantana-Dev/cojam/server/internal/hub/hub.go:1541.2,1541.63 1 1
github.com/LucasSantana-Dev/cojam/server/internal/hub/hub.go:1541.63,1543.3 1 1
github.com/LucasSantana-Dev/cojam/server/internal/hub/hub.go:1543.36,1546.3 1 0
github.com/LucasSantana-Dev/cojam/server/internal/hub/hub.go:1547.2,1547.21 1 1
github.com/LucasSantana-Dev/cojam/server/internal/hub/hub.go:1547.21,1550.3 1 0
github.com/LucasSantana-Dev/cojam/server/internal/hub/hub.go:1556.64,1561.16 4 1
github.com/LucasSantana-Dev/cojam/server/internal/hub/hub.go:1561.16,1562.22 1 0
github.com/LucasSantana-Dev/cojam/server/internal/hub/hub.go:1562.22,1564.4 1 0
github.com/LucasSantana-Dev/cojam/server/internal/hub/hub.go:1565.3,1565.9 1 0
github.com/LucasSantana-Dev/cojam/server/internal/hub/hub.go:1569.2,1569.59 1 1
github.com/LucasSantana-Dev/cojam/server/internal/hub/hub.go:1569.59,1573.27 1 1
github.com/LucasSantana-Dev/cojam/server/internal/hub/hub.go:1573.27,1575.4 1 0
github.com/LucasSantana-Dev/cojam/server/internal/hub/hub.go:1576.3,1576.22 1 1
github.com/LucasSantana-Dev/cojam/server/internal/hub/hub.go:1576.22,1578.4 1 0
github.com/LucasSantana-Dev/cojam/server/internal/hub/hub.go:1581.3,1581.33 1 1
github.com/LucasSantana-Dev/cojam/server/internal/hub/hub.go:1581.33,1582.42 1 1
github.com/LucasSantana-Dev/cojam/server/internal/hub/hub.go:1582.42,1583.10 1 0
github.com/LucasSantana-Dev/cojam/server/internal/hub/hub.go:1585.4,1586.16 2 1
github.com/LucasSantana-Dev/cojam/server/internal/hub/hub.go:1589.3,1589.13 1 1
github.com/LucasSantana-Dev/cojam/server/internal/hub/hub.go:1592.2,1592.35 1 1
github.com/LucasSantana-Dev/cojam/server/internal/hub/hub.go:1592.35,1594.3 1 0
github.com/LucasSantana-Dev/cojam/server/internal/hub/hub.go:1594.8,1594.62 1 1
github.com/LucasSantana-Dev/cojam/server/internal/hub/hub.go:1594.62,1596.3 1 0
github.com/LucasSantana-Dev/cojam/server/internal/hub/public.go:38.58,44.36 4 1
github.com/LucasSantana-Dev/cojam/server/internal/hub/public.go:44.36,46.25 2 1
github.com/LucasSantana-Dev/cojam/server/internal/hub/public.go:46.25,48.12 2 1
github.com/LucasSantana-Dev/cojam/server/internal/hub/public.go:50.3,54.36 2 1
github.com/LucasSantana-Dev/cojam/server/internal/hub/public.go:54.36,55.39 1 1
github.com/LucasSantana-Dev/cojam/server/internal/hub/public.go:55.39,56.40 1 1
github.com/LucasSantana-Dev/cojam/server/internal/hub/public.go:56.40,58.11 2 1
github.com/LucasSantana-Dev/cojam/server/internal/hub/public.go:62.3,66.45 4 1
github.com/LucasSantana-Dev/cojam/server/internal/hub/public.go:66.45,67.12 1 1
github.com/LucasSantana-Dev/cojam/server/internal/hub/public.go:69.3,69.33 1 1
github.com/LucasSantana-Dev/cojam/server/internal/hub/public.go:71.2,74.40 3 1
github.com/LucasSantana-Dev/cojam/server/internal/hub/public.go:74.40,75.51 1 1
github.com/LucasSantana-Dev/cojam/server/internal/hub/public.go:75.51,77.4 1 1
github.com/LucasSantana-Dev/cojam/server/internal/hub/public.go:78.3,78.43 1 1
github.com/LucasSantana-Dev/cojam/server/internal/hub/public.go:80.2,80.39 1 1
github.com/LucasSantana-Dev/cojam/server/internal/hub/public.go:80.39,82.3 1 1
github.com/LucasSantana-Dev/cojam/server/internal/hub/public.go:83.2,83.61 1 1
github.com/LucasSantana-Dev/cojam/server/internal/hub/public.go:88.52,90.34 2 1
github.com/LucasSantana-Dev/cojam/server/internal/hub/public.go:90.34,91.33 1 1
github.com/LucasSantana-Dev/cojam/server/internal/hub/public.go:91.33,93.4 1 1
github.com/LucasSantana-Dev/cojam/server/internal/hub/public.go:95.2,95.10 1 1
github.com/LucasSantana-Dev/cojam/server/internal/hub/ratelimit.go:77.89,86.2 1 1
github.com/LucasSantana-Dev/cojam/server/internal/hub/ratelimit.go:91.46,96.42 4 1
github.com/LucasSantana-Dev/cojam/server/internal/hub/ratelimit.go:96.42,97.31 1 1
github.com/LucasSantana-Dev/cojam/server/internal/hub/ratelimit.go:97.31,98.35 1 1
github.com/LucasSantana-Dev/cojam/server/internal/hub/ratelimit.go:98.35,100.5 1 1
github.com/LucasSantana-Dev/cojam/server/internal/hub/ratelimit.go:102.3,102.20 1 1
github.com/LucasSantana-Dev/cojam/server/internal/hub/ratelimit.go:105.2,106.9 2 1
github.com/LucasSantana-Dev/cojam/server/internal/hub/ratelimit.go:106.9,109.3 2 1
github.com/LucasSantana-Dev/cojam/server/internal/hub/ratelimit.go:111.2,112.24 2 1
github.com/LucasSantana-Dev/cojam/server/internal/hub/ratelimit.go:112.24,114.3 1 0
github.com/LucasSantana-Dev/cojam/server/internal/hub/ratelimit.go:115.2,117.18 2 1
github.com/LucasSantana-Dev/cojam/server/internal/hub/ratelimit.go:117.18,119.3 1 1
github.com/LucasSantana-Dev/cojam/server/internal/hub/ratelimit.go:120.2,121.13 2 1
github.com/LucasSantana-Dev/cojam/server/internal/lyrics/lyrics.go:45.58,47.16 2 1
github.com/LucasSantana-Dev/cojam/server/internal/lyrics/lyrics.go:47.16,49.3 1 1
github.com/LucasSantana-Dev/cojam/server/internal/lyrics/lyrics.go:52.2,53.49 2 1
github.com/LucasSantana-Dev/cojam/server/internal/lyrics/lyrics.go:53.49,56.3 1 1
github.com/LucasSantana-Dev/cojam/server/internal/lyrics/lyrics.go:58.2,63.21 4 1
github.com/LucasSantana-Dev/cojam/server/internal/lyrics/lyrics.go:63.21,65.3 1 0
github.com/LucasSantana-Dev/cojam/server/internal/lyrics/lyrics.go:67.2,68.16 2 1
github.com/LucasSantana-Dev/cojam/server/internal/lyrics/lyrics.go:68.16,70.3 1 0
github.com/LucasSantana-Dev/cojam/server/internal/lyrics/lyrics.go:73.2,75.16 3 1
github.com/LucasSantana-Dev/cojam/server/internal/lyrics/lyrics.go:75.16,77.3 1 0
github.com/LucasSantana-Dev/cojam/server/internal/lyrics/lyrics.go:79.2,80.26 2 1
github.com/LucasSantana-Dev/cojam/server/internal/lyrics/lyrics.go:86.101,94.33 2 1
github.com/LucasSantana-Dev/cojam/server/internal/lyrics/lyrics.go:94.33,96.3 1 1
github.com/LucasSantana-Dev/cojam/server/internal/lyrics/lyrics.go:99.2,102.17 4 1
github.com/LucasSantana-Dev/cojam/server/internal/lyrics/lyrics.go:102.17,104.3 1 1
github.com/LucasSantana-Dev/cojam/server/internal/lyrics/lyrics.go:105.2,105.20 1 1
github.com/LucasSantana-Dev/cojam/server/internal/lyrics/lyrics.go:105.20,108.3 1 1
github.com/LucasSantana-Dev/cojam/server/internal/lyrics/lyrics.go:110.2,113.16 3 1
github.com/LucasSantana-Dev/cojam/server/internal/lyrics/lyrics.go:113.16,115.3 1 0
github.com/LucasSantana-Dev/cojam/server/internal/lyrics/lyrics.go:116.2,121.49 3 1
github.com/LucasSantana-Dev/cojam/server/internal/lyrics/lyrics.go:121.49,123.51 2 1
github.com/LucasSantana-Dev/cojam/server/internal/lyrics/lyrics.go:123.51,125.4 1 1
github.com/LucasSantana-Dev/cojam/server/internal/lyrics/lyrics.go:130.2,134.16 5 1
github.com/LucasSantana-Dev/cojam/server/internal/lyrics/lyrics.go:134.16,136.3 1 0
github.com/LucasSantana-Dev/cojam/server/internal/lyrics/lyrics.go:137.2,140.50 3 1
github.com/LucasSantana-Dev/cojam/server/internal/lyrics/lyrics.go:140.50,142.3 1 0
github.com/LucasSantana-Dev/cojam/server/internal/lyrics/lyrics.go:144.2,145.22 2 1
github.com/LucasSantana-Dev/cojam/server/internal/lyrics/lyrics.go:145.22,146.33 1 1
github.com/LucasSantana-Dev/cojam/server/internal/lyrics/lyrics.go:146.33,148.9 2 1
github.com/LucasSantana-Dev/cojam/server/internal/lyrics/lyrics.go:150.3,150.49 1 0
github.com/LucasSantana-Dev/cojam/server/internal/lyrics/lyrics.go:150.49,152.4 1 0
github.com/LucasSantana-Dev/cojam/server/internal/lyrics/lyrics.go:154.2,154.19 1 1
github.com/LucasSantana-Dev/cojam/server/internal/lyrics/lyrics.go:154.19,156.3 1 1
github.com/LucasSantana-Dev/cojam/server/internal/lyrics/lyrics.go:157.2,157.20 1 1
github.com/LucasSantana-Dev/cojam/server/internal/lyrics/lyrics.go:161.60,162.29 1 1
github.com/LucasSantana-Dev/cojam/server/internal/lyrics/lyrics.go:162.29,163.63 1 1
github.com/LucasSantana-Dev/cojam/server/internal/lyrics/lyrics.go:163.63,165.32 2 1
github.com/LucasSantana-Dev/cojam/server/internal/lyrics/lyrics.go:165.32,166.13 1 0
github.com/LucasSantana-Dev/cojam/server/internal/lyrics/lyrics.go:168.4,168.80 1 1
github.com/LucasSantana-Dev/cojam/server/internal/lyrics/lyrics.go:171.2,171.28 1 1
github.com/LucasSantana-Dev/cojam/server/internal/lyrics/lyrics.go:171.28,173.3 1 1
github.com/LucasSantana-Dev/cojam/server/internal/lyrics/lyrics.go:179.192,183.97 3 1
github.com/LucasSantana-Dev/cojam/server/internal/lyrics/lyrics.go:183.97,188.35 3 1
github.com/LucasSantana-Dev/cojam/server/internal/lyrics/lyrics.go:188.35,191.4 2 1
github.com/LucasSantana-Dev/cojam/server/internal/lyrics/lyrics.go:192.3,196.17 3 1
github.com/LucasSantana-Dev/cojam/server/internal/lyrics/lyrics.go:196.17,198.4 1 0
github.com/LucasSantana-Dev/cojam/server/internal/lyrics/lyrics.go:201.3,205.21 4 1
github.com/LucasSantana-Dev/cojam/server/internal/playlist/playlist.go:33.39,36.2 2 1
github.com/LucasSantana-Dev/cojam/server/internal/playlist/playlist.go:38.71,39.45 1 1
github.com/LucasSantana-Dev/cojam/server/internal/playlist/playlist.go:39.45,41.3 1 1
github.com/LucasSantana-Dev/cojam/server/internal/playlist/playlist.go:44.2,44.49 1 1
github.com/LucasSantana-Dev/cojam/server/internal/playlist/playlist.go:44.49,46.15 2 1
github.com/LucasSantana-Dev/cojam/server/internal/playlist/playlist.go:46.15,48.4 1 1
github.com/LucasSantana-Dev/cojam/server/internal/playlist/playlist.go:52.2,53.16 2 1
github.com/LucasSantana-Dev/cojam/server/internal/playlist/playlist.go:53.16,55.3 1 0
github.com/LucasSantana-Dev/cojam/server/internal/playlist/playlist.go:58.2,58.40 1 1
github.com/LucasSantana-Dev/cojam/server/internal/playlist/playlist.go:58.40,60.30 2 1
github.com/LucasSantana-Dev/cojam/server/internal/playlist/playlist.go:60.30,61.46 1 1
github.com/LucasSantana-Dev/cojam/server/internal/playlist/playlist.go:61.46,63.17 2 1
github.com/LucasSantana-Dev/cojam/server/internal/playlist/playlist.go:63.17,65.6 1 1
github.com/LucasSantana-Dev/cojam/server/internal/playlist/playlist.go:71.2,71.41 1 1
github.com/LucasSantana-Dev/cojam/server/internal/playlist/playlist.go:71.41,73.30 2 1
github.com/LucasSantana-Dev/cojam/server/internal/playlist/playlist.go:73.30,74.46 1 1
github.com/LucasSantana-Dev/cojam/server/internal/playlist/playlist.go:74.46,76.17 2 1
github.com/LucasSantana-Dev/cojam/server/internal/playlist/playlist.go:76.17,78.6 1 1
github.com/LucasSantana-Dev/cojam/server/internal/playlist/playlist.go:84.2,84.77 1 1
github.com/LucasSantana-Dev/cojam/server/internal/playlist/playlist.go:84.77,86.15 2 1
github.com/LucasSantana-Dev/cojam/server/internal/playlist/playlist.go:86.15,88.4 1 1
github.com/LucasSantana-Dev/cojam/server/internal/playlist/playlist.go:91.2,91.22 1 1
github.com/LucasSantana-Dev/cojam/server/internal/playlist/playlist.go:96.92,97.22 1 1
github.com/LucasSantana-Dev/cojam/server/internal/playlist/playlist.go:97.22,99.3 1 0
github.com/LucasSantana-Dev/cojam/server/internal/playlist/playlist.go:101.2,103.16 3 1
github.com/LucasSantana-Dev/cojam/server/internal/playlist/playlist.go:103.16,105.3 1 0
github.com/LucasSantana-Dev/cojam/server/internal/playlist/playlist.go:107.2,118.51 2 1
github.com/LucasSantana-Dev/cojam/server/internal/playlist/playlist.go:118.51,120.3 1 1
github.com/LucasSantana-Dev/cojam/server/internal/playlist/playlist.go:122.2,123.43 2 1
github.com/LucasSantana-Dev/cojam/server/internal/playlist/playlist.go:123.43,130.3 1 1
github.com/LucasSantana-Dev/cojam/server/internal/playlist/playlist.go:132.2,132.20 1 1
github.com/LucasSantana-Dev/cojam/server/internal/playlist/playlist.go:137.93,138.22 1 1
github.com/LucasSantana-Dev/cojam/server/internal/playlist/playlist.go:138.22,140.3 1 0
github.com/LucasSantana-Dev/cojam/server/internal/playlist/playlist.go:142.2,143.50 2 1
github.com/LucasSantana-Dev/cojam/server/internal/playlist/playlist.go:143.50,145.3 1 1
github.com/LucasSantana-Dev/cojam/server/internal/playlist/playlist.go:146.2,146.16 1 1
github.com/LucasSantana-Dev/cojam/server/internal/playlist/playlist.go:146.16,148.3 1 1
github.com/LucasSantana-Dev/cojam/server/internal/playlist/playlist.go:150.2,152.16 3 0
github.com/LucasSantana-Dev/cojam/server/internal/playlist/playlist.go:152.16,154.3 1 0
github.com/LucasSantana-Dev/cojam/server/internal/playlist/playlist.go:156.2,173.51 3 0
github.com/LucasSantana-Dev/cojam/server/internal/playlist/playlist.go:173.51,175.3 1 0
github.com/LucasSantana-Dev/cojam/server/internal/playlist/playlist.go:177.2,178.36 2 0
github.com/LucasSantana-Dev/cojam/server/internal/playlist/playlist.go:178.36,180.34 2 0
github.com/LucasSantana-Dev/cojam/server/internal/playlist/playlist.go:180.34,182.4 1 0
github.com/LucasSantana-Dev/cojam/server/internal/playlist/playlist.go:183.3,194.5 1 0
github.com/LucasSantana-Dev/cojam/server/internal/playlist/playlist.go:197.2,197.20 1 0
github.com/LucasSantana-Dev/cojam/server/internal/playlist/playlist.go:202.93,203.22 1 1
github.com/LucasSantana-Dev/cojam/server/internal/playlist/playlist.go:203.22,205.3 1 0
github.com/LucasSantana-Dev/cojam/server/internal/playlist/playlist.go:207.2,208.18 2 1
github.com/LucasSantana-Dev/cojam/server/internal/playlist/playlist.go:208.18,210.3 1 1
github.com/LucasSantana-Dev/cojam/server/internal/playlist/playlist.go:212.2,220.16 8 1
github.com/LucasSantana-Dev/cojam/server/internal/playlist/playlist.go:220.16,222.3 1 0
github.com/LucasSantana-Dev/cojam/server/internal/playlist/playlist.go:224.2,235.51 2 1
github.com/LucasSantana-Dev/cojam/server/internal/playlist/playlist.go:235.51,237.3 1 1
github.com/LucasSantana-Dev/cojam/server/internal/playlist/playlist.go:239.2,240.36 2 1
github.com/LucasSantana-Dev/cojam/server/internal/playlist/playlist.go:240.36,251.3 1 1
github.com/LucasSantana-Dev/cojam/server/internal/playlist/playlist.go:253.2,253.20 1 1
github.com/LucasSantana-Dev/cojam/server/internal/playlist/playlist.go:257.79,259.9 2 1
github.com/LucasSantana-Dev/cojam/server/internal/playlist/playlist.go:259.9,261.3 1 1
[...]
github.com/LucasSantana-Dev/cojam/server/internal/supauth/jwks.go:143.62,145.28 2 1
github.com/LucasSantana-Dev/cojam/server/internal/supauth/jwks.go:145.28,147.3 1 1
github.com/LucasSantana-Dev/cojam/server/internal/supauth/jwks.go:148.2,149.22 2 1
github.com/LucasSantana-Dev/cojam/server/internal/supauth/jwks.go:149.22,151.3 1 0
github.com/LucasSantana-Dev/cojam/server/internal/supauth/jwks.go:152.2,152.17 1 1
github.com/LucasSantana-Dev/cojam/server/internal/supauth/jwks.go:155.55,160.2 4 1
github.com/LucasSantana-Dev/cojam/server/internal/supauth/jwks.go:177.41,179.47 2 1
github.com/LucasSantana-Dev/cojam/server/internal/supauth/jwks.go:179.47,182.3 2 1
github.com/LucasSantana-Dev/cojam/server/internal/supauth/jwks.go:183.2,185.22 3 1
github.com/LucasSantana-Dev/cojam/server/internal/supauth/jwks.go:188.39,190.16 2 1
github.com/LucasSantana-Dev/cojam/server/internal/supauth/jwks.go:190.16,192.3 1 0
github.com/LucasSantana-Dev/cojam/server/internal/supauth/jwks.go:193.2,194.48 2 1
github.com/LucasSantana-Dev/cojam/server/internal/supauth/jwks.go:194.48,196.3 1 0
github.com/LucasSantana-Dev/cojam/server/internal/supauth/jwks.go:198.2,199.29 2 1
github.com/LucasSantana-Dev/cojam/server/internal/supauth/jwks.go:199.29,200.18 1 1
github.com/LucasSantana-Dev/cojam/server/internal/supauth/jwks.go:200.18,201.12 1 0
github.com/LucasSantana-Dev/cojam/server/internal/supauth/jwks.go:203.3,203.16 1 1
github.com/LucasSantana-Dev/cojam/server/internal/supauth/jwks.go:204.13,205.24 1 1
github.com/LucasSantana-Dev/cojam/server/internal/supauth/jwks.go:205.24,206.13 1 0
github.com/LucasSantana-Dev/cojam/server/internal/supauth/jwks.go:208.4,210.34 3 1
github.com/LucasSantana-Dev/cojam/server/internal/supauth/jwks.go:210.34,211.13 1 0
github.com/LucasSantana-Dev/cojam/server/internal/supauth/jwks.go:213.4,217.5 1 1
github.com/LucasSantana-Dev/cojam/server/internal/supauth/jwks.go:218.14,221.34 3 0
github.com/LucasSantana-Dev/cojam/server/internal/supauth/jwks.go:221.34,222.13 1 0
github.com/LucasSantana-Dev/cojam/server/internal/supauth/jwks.go:224.4,225.29 2 0
github.com/LucasSantana-Dev/cojam/server/internal/supauth/jwks.go:225.29,227.5 1 0
github.com/LucasSantana-Dev/cojam/server/internal/supauth/jwks.go:228.4,228.67 1 0
github.com/LucasSantana-Dev/cojam/server/internal/supauth/jwks.go:234.2,234.20 1 1
github.com/LucasSantana-Dev/cojam/server/internal/supauth/jwks.go:234.20,236.3 1 1
github.com/LucasSantana-Dev/cojam/server/internal/supauth/jwks.go:238.2,241.12 4 1
github.com/LucasSantana-Dev/cojam/server/internal/supauth/supauth.go:21.60,22.22 1 1
github.com/LucasSantana-Dev/cojam/server/internal/supauth/supauth.go:22.22,24.3 1 1
github.com/LucasSantana-Dev/cojam/server/internal/supauth/supauth.go:25.2,25.17 1 1
github.com/LucasSantana-Dev/cojam/server/internal/supauth/supauth.go:25.17,27.3 1 1
github.com/LucasSantana-Dev/cojam/server/internal/supauth/supauth.go:29.2,32.45 1 1
github.com/LucasSantana-Dev/cojam/server/internal/supauth/supauth.go:32.45,34.44 1 1
github.com/LucasSantana-Dev/cojam/server/internal/supauth/supauth.go:34.44,36.5 1 1
github.com/LucasSantana-Dev/cojam/server/internal/supauth/supauth.go:37.4,37.22 1 1
github.com/LucasSantana-Dev/cojam/server/internal/supauth/supauth.go:41.2,41.16 1 1
github.com/LucasSantana-Dev/cojam/server/internal/supauth/supauth.go:41.16,43.3 1 1
github.com/LucasSantana-Dev/cojam/server/internal/supauth/supauth.go:45.2,45.24 1 1
github.com/LucasSantana-Dev/cojam/server/internal/supauth/supauth.go:45.24,47.3 1 0
github.com/LucasSantana-Dev/cojam/server/internal/supauth/supauth.go:49.2,50.9 2 1
github.com/LucasSantana-Dev/cojam/server/internal/supauth/supauth.go:50.9,52.3 1 0
github.com/LucasSantana-Dev/cojam/server/internal/supauth/supauth.go:56.2,56.35 1 1
github.com/LucasSantana-Dev/cojam/server/internal/match/match.go:91.72,92.16 1 0
github.com/LucasSantana-Dev/cojam/server/internal/match/match.go:92.16,94.3 1 0
github.com/LucasSantana-Dev/cojam/server/internal/match/match.go:97.2,103.16 5 0
github.com/LucasSantana-Dev/cojam/server/internal/match/match.go:103.16,105.3 1 0
github.com/LucasSantana-Dev/cojam/server/internal/match/match.go:107.2,110.51 3 0
github.com/LucasSantana-Dev/cojam/server/internal/match/match.go:110.51,112.3 1 0
github.com/LucasSantana-Dev/cojam/server/internal/match/match.go:114.2,114.68 1 0
github.com/LucasSantana-Dev/cojam/server/internal/match/match.go:114.68,116.3 1 0
github.com/LucasSantana-Dev/cojam/server/internal/match/match.go:118.2,118.44 1 0
github.com/LucasSantana-Dev/cojam/server/internal/match/match.go:125.92,136.16 3 1
github.com/LucasSantana-Dev/cojam/server/internal/match/match.go:136.16,142.17 4 1
github.com/LucasSantana-Dev/cojam/server/internal/match/match.go:142.17,144.4 1 0
github.com/LucasSantana-Dev/cojam/server/internal/match/match.go:145.3,152.116 3 1
github.com/LucasSantana-Dev/cojam/server/internal/match/match.go:152.116,154.4 1 1
github.com/LucasSantana-Dev/cojam/server/internal/match/match.go:158.2,158.33 1 1
github.com/LucasSantana-Dev/cojam/server/internal/match/match.go:158.33,164.17 4 1
github.com/LucasSantana-Dev/cojam/server/internal/match/match.go:164.17,166.4 1 0
github.com/LucasSantana-Dev/cojam/server/internal/match/match.go:167.3,173.82 3 1
github.com/LucasSantana-Dev/cojam/server/internal/match/match.go:173.82,175.4 1 1
github.com/LucasSantana-Dev/cojam/server/internal/match/match.go:179.2,179.20 1 0
github.com/LucasSantana-Dev/cojam/server/internal/match/match.go:183.71,191.30 2 1
github.com/LucasSantana-Dev/cojam/server/internal/match/match.go:191.30,192.41 1 1
github.com/LucasSantana-Dev/cojam/server/internal/match/match.go:192.41,193.29 1 1
github.com/LucasSantana-Dev/cojam/server/internal/match/match.go:193.29,198.5 1 1
github.com/LucasSantana-Dev/cojam/server/internal/match/match.go:203.2,203.32 1 1
github.com/LucasSantana-Dev/cojam/server/internal/match/match.go:203.32,205.25 2 1
github.com/LucasSantana-Dev/cojam/server/internal/match/match.go:205.25,208.22 2 1
github.com/LucasSantana-Dev/cojam/server/internal/match/match.go:208.22,209.62 1 1
github.com/LucasSantana-Dev/cojam/server/internal/match/match.go:209.62,211.6 1 1
github.com/LucasSantana-Dev/cojam/server/internal/match/match.go:215.3,215.33 1 1
github.com/LucasSantana-Dev/cojam/server/internal/match/match.go:215.33,217.4 1 1
github.com/LucasSantana-Dev/cojam/server/internal/match/match.go:221.2,221.21 1 1
github.com/LucasSantana-Dev/cojam/server/internal/match/match.go:221.21,222.32 1 1
github.com/LucasSantana-Dev/cojam/server/internal/match/match.go:222.32,223.22 1 1
github.com/LucasSantana-Dev/cojam/server/internal/match/match.go:223.22,225.5 1 1
github.com/LucasSantana-Dev/cojam/server/internal/match/match.go:229.2,229.15 1 1
github.com/LucasSantana-Dev/cojam/server/internal/match/match.go:253.62,255.18 2 0
github.com/LucasSantana-Dev/cojam/server/internal/match/match.go:255.18,257.3 1 0
github.com/LucasSantana-Dev/cojam/server/internal/match/match.go:259.2,269.16 9 0
github.com/LucasSantana-Dev/cojam/server/internal/match/match.go:269.16,271.3 1 0
github.com/LucasSantana-Dev/cojam/server/internal/match/match.go:273.2,274.51 2 0
github.com/LucasSantana-Dev/cojam/server/internal/match/match.go:274.51,276.3 1 0
github.com/LucasSantana-Dev/cojam/server/internal/match/match.go:278.2,281.36 3 0
github.com/LucasSantana-Dev/cojam/server/internal/match/match.go:281.36,290.3 3 0
github.com/LucasSantana-Dev/cojam/server/internal/match/match.go:292.2,292.24 1 0
github.com/LucasSantana-Dev/cojam/server/internal/match/match.go:296.69,297.27 1 1
github.com/LucasSantana-Dev/cojam/server/internal/match/match.go:297.27,299.3 1 0
github.com/LucasSantana-Dev/cojam/server/internal/match/match.go:301.2,302.33 2 1
github.com/LucasSantana-Dev/cojam/server/internal/match/match.go:302.33,303.34 1 1
github.com/LucasSantana-Dev/cojam/server/internal/match/match.go:303.34,304.16 1 1
github.com/LucasSantana-Dev/cojam/server/internal/match/match.go:304.16,306.10 2 1
github.com/LucasSantana-Dev/cojam/server/internal/match/match.go:311.2,311.53 1 1
github.com/LucasSantana-Dev/cojam/server/internal/match/match.go:322.96,324.16 2 0
github.com/LucasSantana-Dev/cojam/server/internal/match/match.go:324.16,326.3 1 0
github.com/LucasSantana-Dev/cojam/server/internal/match/match.go:327.2,328.28 2 0
github.com/LucasSantana-Dev/cojam/server/internal/match/match.go:328.28,329.64 1 0
github.com/LucasSantana-Dev/cojam/server/internal/match/match.go:329.64,331.4 1 0
github.com/LucasSantana-Dev/cojam/server/internal/match/match.go:333.2,333.52 1 0
github.com/LucasSantana-Dev/cojam/server/internal/match/match.go:333.52,335.3 1 0
github.com/LucasSantana-Dev/cojam/server/internal/match/match.go:336.2,336.82 1 0
github.com/LucasSantana-Dev/cojam/server/internal/match/match.go:343.78,347.89 3 1
github.com/LucasSantana-Dev/cojam/server/internal/match/match.go:347.89,352.35 3 1
github.com/LucasSantana-Dev/cojam/server/internal/match/match.go:352.35,356.4 3 1
github.com/LucasSantana-Dev/cojam/server/internal/match/match.go:357.3,361.17 3 1
github.com/LucasSantana-Dev/cojam/server/internal/match/match.go:361.17,363.4 1 0
github.com/LucasSantana-Dev/cojam/server/internal/match/match.go:366.3,371.21 5 1
github.com/LucasSantana-Dev/cojam/server/internal/match/match.go:376.13,378.12 1 1
github.com/LucasSantana-Dev/cojam/server/internal/match/match.go:378.12,379.27 1 1
github.com/LucasSantana-Dev/cojam/server/internal/match/match.go:379.28,381.4 0 1
github.com/LucasSantana-Dev/cojam/server/internal/match/match.go:437.96,440.50 2 1
github.com/LucasSantana-Dev/cojam/server/internal/match/match.go:440.50,442.3 1 1
github.com/LucasSantana-Dev/cojam/server/internal/match/match.go:443.2,443.16 1 1
github.com/LucasSantana-Dev/cojam/server/internal/match/match.go:443.16,445.3 1 0
github.com/LucasSantana-Dev/cojam/server/internal/match/match.go:448.2,449.16 2 1
github.com/LucasSantana-Dev/cojam/server/internal/match/match.go:449.16,451.3 1 1
github.com/LucasSantana-Dev/cojam/server/internal/match/match.go:451.8,453.3 1 1
github.com/LucasSantana-Dev/cojam/server/internal/match/match.go:456.2,457.16 2 1
github.com/LucasSantana-Dev/cojam/server/internal/match/match.go:457.16,459.3 1 0
github.com/LucasSantana-Dev/cojam/server/internal/match/match.go:461.2,470.57 8 1
github.com/LucasSantana-Dev/cojam/server/internal/match/match.go:470.57,472.3 1 0
github.com/LucasSantana-Dev/cojam/server/internal/match/match.go:474.2,474.35 1 1
github.com/LucasSantana-Dev/cojam/server/internal/match/match.go:474.35,476.3 1 1
github.com/LucasSantana-Dev/cojam/server/internal/match/match.go:482.2,482.16 1 1
github.com/LucasSantana-Dev/cojam/server/internal/match/match.go:482.16,485.3 2 1
github.com/LucasSantana-Dev/cojam/server/internal/match/match.go:489.2,492.37 4 1
github.com/LucasSantana-Dev/cojam/server/internal/match/match.go:492.37,495.29 3 1
github.com/LucasSantana-Dev/cojam/server/internal/match/match.go:495.29,497.4 1 1
github.com/LucasSantana-Dev/cojam/server/internal/match/match.go:498.3,499.49 2 1
github.com/LucasSantana-Dev/cojam/server/internal/match/match.go:499.49,502.4 2 1
github.com/LucasSantana-Dev/cojam/server/internal/match/match.go:505.2,505.51 1 1
github.com/LucasSantana-Dev/cojam/server/internal/match/match.go:505.51,507.3 1 1
github.com/LucasSantana-Dev/cojam/server/internal/match/match.go:509.2,512.8 1 1
github.com/LucasSantana-Dev/cojam/server/internal/match/match.go:528.93,530.15 1 1
github.com/LucasSantana-Dev/cojam/server/internal/match/match.go:530.15,532.3 1 0
github.com/LucasSantana-Dev/cojam/server/internal/match/match.go:533.2,533.16 1 1
github.com/LucasSantana-Dev/cojam/server/internal/match/match.go:533.16,535.3 1 0
github.com/LucasSantana-Dev/cojam/server/internal/match/match.go:538.2,539.50 2 1
github.com/LucasSantana-Dev/cojam/server/internal/match/match.go:539.50,541.3 1 1
github.com/LucasSantana-Dev/cojam/server/internal/match/match.go:542.2,542.16 1 1
github.com/LucasSantana-Dev/cojam/server/internal/match/match.go:542.16,544.3 1 0
github.com/LucasSantana-Dev/cojam/server/internal/match/match.go:547.2,548.16 2 1
github.com/LucasSantana-Dev/cojam/server/internal/match/match.go:548.16,550.3 1 0
github.com/LucasSantana-Dev/cojam/server/internal/match/match.go:552.2,561.57 8 1
github.com/LucasSantana-Dev/cojam/server/internal/match/match.go:561.57,563.3 1 0
github.com/LucasSantana-Dev/cojam/server/internal/match/match.go:565.2,566.44 2 1
github.com/LucasSantana-Dev/cojam/server/internal/match/match.go:566.44,568.29 2 1
github.com/LucasSantana-Dev/cojam/server/internal/match/match.go:568.29,570.4 1 1
github.com/LucasSantana-Dev/cojam/server/internal/match/match.go:571.3,572.34 2 1
github.com/LucasSantana-Dev/cojam/server/internal/match/match.go:572.34,574.4 1 1
github.com/LucasSantana-Dev/cojam/server/internal/match/match.go:576.3,584.5 1 1
github.com/LucasSantana-Dev/cojam/server/internal/match/match.go:587.2,587.24 1 1
github.com/LucasSantana-Dev/cojam/server/internal/match/match.go:593.92,595.15 1 1
github.com/LucasSantana-Dev/cojam/server/internal/match/match.go:595.15,597.3 1 0
github.com/LucasSantana-Dev/cojam/server/internal/match/match.go:598.2,598.16 1 1
github.com/LucasSantana-Dev/cojam/server/internal/match/match.go:598.16,600.3 1 0
github.com/LucasSantana-Dev/cojam/server/internal/match/match.go:602.2,603.16 2 1
github.com/LucasSantana-Dev/cojam/server/internal/match/match.go:603.16,605.3 1 0
github.com/LucasSantana-Dev/cojam/server/internal/match/match.go:607.2,624.57 6 1
github.com/LucasSantana-Dev/cojam/server/internal/match/match.go:624.57,626.3 1 0
github.com/LucasSantana-Dev/cojam/server/internal/match/match.go:628.2,629.36 2 1
github.com/LucasSantana-Dev/cojam/server/internal/match/match.go:629.36,639.3 1 1
github.com/LucasSantana-Dev/cojam/server/internal/match/match.go:641.2,641.24 1 1
github.com/LucasSantana-Dev/cojam/server/internal/match/match.go:651.89,653.15 1 1
github.com/LucasSantana-Dev/cojam/server/internal/match/match.go:653.15,655.3 1 0
github.com/LucasSantana-Dev/cojam/server/internal/match/match.go:656.2,656.16 1 1
github.com/LucasSantana-Dev/cojam/server/internal/match/match.go:656.16,658.3 1 0
github.com/LucasSantana-Dev/cojam/server/internal/match/match.go:662.2,671.12 6 1
github.com/LucasSantana-Dev/cojam/server/internal/match/match.go:671.12,676.17 5 1
github.com/LucasSantana-Dev/cojam/server/internal/match/match.go:676.17,680.4 2 0
github.com/LucasSantana-Dev/cojam/server/internal/match/match.go:681.3,683.14 3 1
github.com/LucasSantana-Dev/cojam/server/internal/match/match.go:687.2,687.66 1 1
github.com/LucasSantana-Dev/cojam/server/internal/match/match.go:687.66,689.13 2 1
github.com/LucasSantana-Dev/cojam/server/internal/match/match.go:689.13,694.18 5 1
github.com/LucasSantana-Dev/cojam/server/internal/match/match.go:694.18,697.5 2 0
github.com/LucasSantana-Dev/cojam/server/internal/match/match.go:698.4,700.15 3 1
github.com/LucasSantana-Dev/cojam/server/internal/match/match.go:704.2,711.34 4 1
github.com/LucasSantana-Dev/cojam/server/internal/match/match.go:711.34,714.19 2 1
github.com/LucasSantana-Dev/cojam/server/internal/match/match.go:714.19,716.4 1 1
github.com/LucasSantana-Dev/cojam/server/internal/match/match.go:716.9,719.4 1 1
github.com/LucasSantana-Dev/cojam/server/internal/match/match.go:721.3,721.37 1 1
github.com/LucasSantana-Dev/cojam/server/internal/match/match.go:721.37,724.55 2 1
github.com/LucasSantana-Dev/cojam/server/internal/match/match.go:724.55,728.5 2 1
github.com/LucasSantana-Dev/cojam/server/internal/match/match.go:730.4,730.43 1 1
github.com/LucasSantana-Dev/cojam/server/internal/match/match.go:730.43,732.5 1 0
github.com/LucasSantana-Dev/cojam/server/internal/match/match.go:733.4,733.55 1 1
github.com/LucasSantana-Dev/cojam/server/internal/match/match.go:733.55,735.5 1 0
github.com/LucasSantana-Dev/cojam/server/internal/match/match.go:736.9,740.4 2 1
github.com/LucasSantana-Dev/cojam/server/internal/match/match.go:745.2,745.26 1 1
github.com/LucasSantana-Dev/cojam/server/internal/match/match.go:755.51,756.20 1 1
github.com/LucasSantana-Dev/cojam/server/internal/match/match.go:756.20,758.3 1 1
github.com/LucasSantana-Dev/cojam/server/internal/match/match.go:759.2,759.22 1 1
github.com/LucasSantana-Dev/cojam/server/internal/match/match.go:765.84,767.27 2 1
github.com/LucasSantana-Dev/cojam/server/internal/match/match.go:767.27,769.27 2 1
github.com/LucasSantana-Dev/cojam/server/internal/match/match.go:769.27,771.4 1 1
github.com/LucasSantana-Dev/cojam/server/internal/match/match.go:773.2,773.39 1 1
github.com/LucasSantana-Dev/cojam/server/internal/match/match.go:773.39,775.3 1 1
github.com/LucasSantana-Dev/cojam/server/internal/match/match.go:777.2,779.28 3 1
github.com/LucasSantana-Dev/cojam/server/internal/match/match.go:779.28,781.22 2 1
github.com/LucasSantana-Dev/cojam/server/internal/match/match.go:781.22,782.24 1 1
github.com/LucasSantana-Dev/cojam/server/internal/match/match.go:782.24,784.10 2 1
github.com/LucasSantana-Dev/cojam/server/internal/match/match.go:787.3,787.9 1 1
github.com/LucasSantana-Dev/cojam/server/internal/match/match.go:787.9,789.4 1 1
github.com/LucasSantana-Dev/cojam/server/internal/match/match.go:789.9,791.4 1 1
github.com/LucasSantana-Dev/cojam/server/internal/match/match.go:793.2,793.35 1 1
github.com/LucasSantana-Dev/cojam/server/internal/match/match.go:814.100,815.24 1 1
github.com/LucasSantana-Dev/cojam/server/internal/match/match.go:815.24,817.3 1 1
github.com/LucasSantana-Dev/cojam/server/internal/match/match.go:820.2,820.15 1 1
github.com/LucasSantana-Dev/cojam/server/internal/match/match.go:820.15,822.3 1 0
github.com/LucasSantana-Dev/cojam/server/internal/match/match.go:823.2,823.16 1 1
github.com/LucasSantana-Dev/cojam/server/internal/match/match.go:823.16,825.3 1 0
github.com/LucasSantana-Dev/cojam/server/internal/match/match.go:827.2,837.16 10 1
github.com/LucasSantana-Dev/cojam/server/internal/match/match.go:837.16,839.3 1 0
github.com/LucasSantana-Dev/cojam/server/internal/match/match.go:841.2,844.51 3 1
github.com/LucasSantana-Dev/cojam/server/internal/match/match.go:844.51,846.3 1 1
github.com/LucasSantana-Dev/cojam/server/internal/match/match.go:849.2,850.47 2 1
github.com/LucasSantana-Dev/cojam/server/internal/match/match.go:850.47,851.42 1 1
github.com/LucasSantana-Dev/cojam/server/internal/match/match.go:851.42,852.12 1 0
github.com/LucasSantana-Dev/cojam/server/internal/match/match.go:854.3,857.5 1 1
github.com/LucasSantana-Dev/cojam/server/internal/match/match.go:860.2,860.20 1 1
github.com/LucasSantana-Dev/cojam/server/internal/match/match.go:889.94,890.24 1 1
github.com/LucasSantana-Dev/cojam/server/internal/match/match.go:890.24,892.3 1 1
github.com/LucasSantana-Dev/cojam/server/internal/match/match.go:895.2,910.16 10 1
github.com/LucasSantana-Dev/cojam/server/internal/match/match.go:910.16,913.3 1 0
github.com/LucasSantana-Dev/cojam/server/internal/match/match.go:915.2,918.49 3 1
github.com/LucasSantana-Dev/cojam/server/internal/match/match.go:918.49,921.3 1 0
github.com/LucasSantana-Dev/cojam/server/internal/match/match.go:924.2,924.32 1 1
github.com/LucasSantana-Dev/cojam/server/internal/match/match.go:924.32,925.97 1 1
github.com/LucasSantana-Dev/cojam/server/internal/match/match.go:925.97,928.4 1 1
github.com/LucasSantana-Dev/cojam/server/internal/match/match.go:930.2,930.32 1 1
github.com/LucasSantana-Dev/cojam/server/internal/match/match.go:930.32,931.97 1 1
github.com/LucasSantana-Dev/cojam/server/internal/match/match.go:931.97,934.4 1 1
github.com/LucasSantana-Dev/cojam/server/internal/match/match.go:938.2,938.32 1 1
github.com/LucasSantana-Dev/cojam/server/internal/match/match.go:938.32,940.41 2 1
github.com/LucasSantana-Dev/cojam/server/internal/match/match.go:940.41,941.20 1 1
github.com/LucasSantana-Dev/cojam/server/internal/match/match.go:941.20,943.5 1 1
github.com/LucasSantana-Dev/cojam/server/internal/match/match.go:945.3,945.21 1 1
github.com/LucasSantana-Dev/cojam/server/internal/match/match.go:948.2,948.20 1 1
